# JRE version: Java(TM) SE Runtime Environment (8.0_202-b08) (build 1.8.0_202-b08)
# Java VM: Java HotSpot(TM) 64-Bit Server VM (25.202-b08 mixed mode linux-amd64 compressed oops)
Heap:
 PSYoungGen      total 151040K, used 9587K [0x00000000d7180000, 0x00000000e2280000, 0x0000000100000000)
  eden space 126976K, 7% used [0x00000000d7180000,0x00000000d7adcdb8,0x00000000ded80000)
  from space 24064K, 0% used [0x00000000e0b00000,0x00000000e0b00000,0x00000000e2280000)
  to   space 27136K, 0% used [0x00000000ded80000,0x00000000ded80000,0x00000000e0800000)
 ParOldGen       total 108032K, used 46201K [0x0000000085400000, 0x000000008bd80000, 0x00000000d7180000)
  object space 108032K, 42% used [0x0000000085400000,0x000000008811e448,0x000000008bd80000)
 Metaspace       used 20178K, capacity 21494K, committed 21552K, reserved 1067008K
  class space    used 2906K, capacity 3169K, committed 3200K, reserved 1048576K
GC Heap History (10 events):
Event: 0,604 GC heap before
{Heap before GC invocations=3 (full 0):
 PSYoungGen      total 36864K, used 33824K [0x00000000d7180000, 0x00000000db980000, 0x0000000100000000)
  eden space 31744K, 100% used [0x00000000d7180000,0x00000000d9080000,0x00000000d9080000)
  from space 5120K, 40% used [0x00000000d9580000,0x00000000d9788020,0x00000000d9a80000)
  to   space 5120K, 0% used [0x00000000d9080000,0x00000000d9080000,0x00000000d9580000)
 ParOldGen       total 84992K, used 24K [0x0000000085400000, 0x000000008a700000, 0x00000000d7180000)
  object space 84992K, 0% used [0x0000000085400000,0x0000000085406000,0x000000008a700000)
 Metaspace       used 11310K, capacity 11794K, committed 12032K, reserved 1058816K
  class space    used 1521K, capacity 1673K, committed 1792K, reserved 1048576K
Event: 0,606 GC heap after
Heap after GC invocations=3 (full 0):
 PSYoungGen      total 36864K, used 3360K [0x00000000d7180000, 0x00000000db980000, 0x0000000100000000)
  eden space 31744K, 0% used [0x00000000d7180000,0x00000000d7180000,0x00000000d9080000)
  from space 5120K, 65% used [0x00000000d9080000,0x00000000d93c8020,0x00000000d9580000)
  to   space 5120K, 0% used [0x00000000db480000,0x00000000db480000,0x00000000db980000)
 ParOldGen       total 84992K, used 32K [0x0000000085400000, 0x000000008a700000, 0x00000000d7180000)
  object space 84992K, 0% used [0x0000000085400000,0x0000000085408000,0x000000008a700000)
 Metaspace       used 11310K, capacity 11794K, committed 12032K, reserved 1058816K
  class space    used 1521K, capacity 1673K, committed 1792K, reserved 1048576K
}
Event: 0,672 GC heap before
{Heap before GC invocations=4 (full 0):
 PSYoungGen      total 36864K, used 35104K [0x00000000d7180000, 0x00000000db980000, 0x0000000100000000)
  eden space 31744K, 100% used [0x00000000d7180000,0x00000000d9080000,0x00000000d9080000)
  from space 5120K, 65% used [0x00000000d9080000,0x00000000d93c8020,0x00000000d9580000)
  to   space 5120K, 0% used [0x00000000db480000,0x00000000db480000,0x00000000db980000)
 ParOldGen       total 84992K, used 32K [0x0000000085400000, 0x000000008a700000, 0x00000000d7180000)
  object space 84992K, 0% used [0x0000000085400000,0x0000000085408000,0x000000008a700000)
 Metaspace       used 11500K, capacity 12164K, committed 12288K, reserved 1060864K
  class space    used 1553K, capacity 1702K, committed 1792K, reserved 1048576K
Event: 0,674 GC heap after
Heap after GC invocations=4 (full 0):
 PSYoungGen      total 68608K, used 3488K [0x00000000d7180000, 0x00000000db980000, 0x0000000100000000)
  eden space 63488K, 0% used [0x00000000d7180000,0x00000000d7180000,0x00000000daf80000)
  from space 5120K, 68% used [0x00000000db480000,0x00000000db7e8040,0x00000000db980000)
  to   space 5120K, 0% used [0x00000000daf80000,0x00000000daf80000,0x00000000db480000)
 ParOldGen       total 84992K, used 40K [0x0000000085400000, 0x000000008a700000, 0x00000000d7180000)
  object space 84992K, 0% used [0x0000000085400000,0x000000008540a000,0x000000008a700000)
 Metaspace       used 11500K, capacity 12164K, committed 12288K, reserved 1060864K
  class space    used 1553K, capacity 1702K, committed 1792K, reserved 1048576K
}
Event: 1,465 GC heap before
{Heap before GC invocations=5 (full 0):
 PSYoungGen      total 68608K, used 66976K [0x00000000d7180000, 0x00000000db980000, 0x0000000100000000)
  eden space 63488K, 100% used [0x00000000d7180000,0x00000000daf80000,0x00000000daf80000)
  from space 5120K, 68% used [0x00000000db480000,0x00000000db7e8040,0x00000000db980000)
  to   space 5120K, 0% used [0x00000000daf80000,0x00000000daf80000,0x00000000db480000)
 ParOldGen       total 84992K, used 40K [0x0000000085400000, 0x000000008a700000, 0x00000000d7180000)
  object space 84992K, 0% used [0x0000000085400000,0x000000008540a000,0x000000008a700000)
 Metaspace       used 15935K, capacity 16856K, committed 16896K, reserved 1062912K
  class space    used 2351K, capacity 2544K, committed 2560K, reserved 1048576K
Event: 1,478 GC heap after
Heap after GC invocations=5 (full 0):
 PSYoungGen      total 68608K, used 5104K [0x00000000d7180000, 0x00000000e2880000, 0x0000000100000000)
  eden space 63488K, 0% used [0x00000000d7180000,0x00000000d7180000,0x00000000daf80000)
  from space 5120K, 99% used [0x00000000daf80000,0x00000000db47c290,0x00000000db480000)
  to   space 30208K, 0% used [0x00000000e0b00000,0x00000000e0b00000,0x00000000e2880000)
 ParOldGen       total 84992K, used 36236K [0x0000000085400000, 0x000000008a700000, 0x00000000d7180000)
  object space 84992K, 42% used [0x0000000085400000,0x00000000877630f0,0x000000008a700000)
 Metaspace       used 15935K, capacity 16856K, committed 16896K, reserved 1062912K
  class space    used 2351K, capacity 2544K, committed 2560K, reserved 1048576K
}
Event: 11,093 GC heap before
{Heap before GC invocations=6 (full 0):
 PSYoungGen      total 68608K, used 39813K [0x00000000d7180000, 0x00000000e2880000, 0x0000000100000000)
  eden space 63488K, 54% used [0x00000000d7180000,0x00000000d93652c0,0x00000000daf80000)
  from space 5120K, 99% used [0x00000000daf80000,0x00000000db47c290,0x00000000db480000)
  to   space 30208K, 0% used [0x00000000e0b00000,0x00000000e0b00000,0x00000000e2880000)
 ParOldGen       total 84992K, used 36236K [0x0000000085400000, 0x000000008a700000, 0x00000000d7180000)
  object space 84992K, 42% used [0x0000000085400000,0x00000000877630f0,0x000000008a700000)
 Metaspace       used 19998K, capacity 21236K, committed 21296K, reserved 1067008K
  class space    used 2895K, capacity 3158K, committed 3200K, reserved 1048576K
Event: 11,105 GC heap after
Heap after GC invocations=6 (full 0):
 PSYoungGen      total 151040K, used 10512K [0x00000000d7180000, 0x00000000e2280000, 0x0000000100000000)
  eden space 126976K, 0% used [0x00000000d7180000,0x00000000d7180000,0x00000000ded80000)
  from space 24064K, 43% used [0x00000000e0b00000,0x00000000e15442b8,0x00000000e2280000)
  to   space 27136K, 0% used [0x00000000ded80000,0x00000000ded80000,0x00000000e0800000)
 ParOldGen       total 84992K, used 36244K [0x0000000085400000, 0x000000008a700000, 0x00000000d7180000)
  object space 84992K, 42% used [0x0000000085400000,0x00000000877650f0,0x000000008a700000)
 Metaspace       used 19998K, capacity 21236K, committed 21296K, reserved 1067008K
  class space    used 2895K, capacity 3158K, committed 3200K, reserved 1048576K
}
Event: 11,105 GC heap before
{Heap before GC invocations=7 (full 1):
 PSYoungGen      total 151040K, used 10512K [0x00000000d7180000, 0x00000000e2280000, 0x0000000100000000)
  eden space 126976K, 0% used [0x00000000d7180000,0x00000000d7180000,0x00000000ded80000)
  from space 24064K, 43% used [0x00000000e0b00000,0x00000000e15442b8,0x00000000e2280000)
  to   space 27136K, 0% used [0x00000000ded80000,0x00000000ded80000,0x00000000e0800000)
 ParOldGen       total 84992K, used 36244K [0x0000000085400000, 0x000000008a700000, 0x00000000d7180000)
  object space 84992K, 42% used [0x0000000085400000,0x00000000877650f0,0x000000008a700000)
 Metaspace       used 19998K, capacity 21236K, committed 21296K, reserved 1067008K
  class space    used 2895K, capacity 3158K, committed 3200K, reserved 1048576K
Event: 11,141 GC heap after
Heap after GC invocations=7 (full 1):
 PSYoungGen      total 151040K, used 0K [0x00000000d7180000, 0x00000000e2280000, 0x0000000100000000)
  eden space 126976K, 0% used [0x00000000d7180000,0x00000000d7180000,0x00000000ded80000)
  from space 24064K, 0% used [0x00000000e0b00000,0x00000000e0b00000,0x00000000e2280000)
  to   space 27136K, 0% used [0x00000000ded80000,0x00000000ded80000,0x00000000e0800000)
 ParOldGen       total 108032K, used 46201K [0x0000000085400000, 0x000000008bd80000, 0x00000000d7180000)
  object space 108032K, 42% used [0x0000000085400000,0x000000008811e448,0x000000008bd80000)
 Metaspace       used 19998K, capacity 21236K, committed 21296K, reserved 1067008K
  class space    used 2895K, capacity 3158K, committed 3200K, reserved 1048576K
}

