# JRE version: Java(TM) SE Runtime Environment (8.0_202-b08) (build 1.8.0_202-b08)
# Java VM: Java HotSpot(TM) 64-Bit Server VM (25.202-b08 mixed mode linux-amd64 compressed oops)
Heap:
 PSYoungGen      total 151040K, used 4246K [0x00000000d7180000, 0x00000000e2280000, 0x0000000100000000)
  eden space 126976K, 3% used [0x00000000d7180000,0x00000000d75a5a98,0x00000000ded80000)
  from space 24064K, 0% used [0x00000000e0b00000,0x00000000e0b00000,0x00000000e2280000)
  to   space 27136K, 0% used [0x00000000ded80000,0x00000000ded80000,0x00000000e0800000)
 ParOldGen       total 107008K, used 45800K [0x0000000085400000, 0x000000008bc80000, 0x00000000d7180000)
  object space 107008K, 42% used [0x0000000085400000,0x00000000880ba2b8,0x000000008bc80000)
 Metaspace       used 20030K, capacity 21354K, committed 21552K, reserved 1067008K
  class space    used 2903K, capacity 3169K, committed 3200K, reserved 1048576K
GC Heap History (10 events):
Event: 0,605 GC heap before
{Heap before GC invocations=3 (full 0):
 PSYoungGen      total 36864K, used 33696K [0x00000000d7180000, 0x00000000db980000, 0x0000000100000000)
  eden space 31744K, 100% used [0x00000000d7180000,0x00000000d9080000,0x00000000d9080000)
  from space 5120K, 38% used [0x00000000d9580000,0x00000000d9768040,0x00000000d9a80000)
  to   space 5120K, 0% used [0x00000000d9080000,0x00000000d9080000,0x00000000d9580000)
 ParOldGen       total 84992K, used 24K [0x0000000085400000, 0x000000008a700000, 0x00000000d7180000)
  object space 84992K, 0% used [0x0000000085400000,0x0000000085406000,0x000000008a700000)
 Metaspace       used 11382K, capacity 12024K, committed 12288K, reserved 1060864K
  class space    used 1549K, capacity 1702K, committed 1792K, reserved 1048576K
Event: 0,607 GC heap after
Heap after GC invocations=3 (full 0):
 PSYoungGen      total 36864K, used 3392K [0x00000000d7180000, 0x00000000db980000, 0x0000000100000000)
  eden space 31744K, 0% used [0x00000000d7180000,0x00000000d7180000,0x00000000d9080000)
  from space 5120K, 66% used [0x00000000d9080000,0x00000000d93d0020,0x00000000d9580000)
  to   space 5120K, 0% used [0x00000000db480000,0x00000000db480000,0x00000000db980000)
 ParOldGen       total 84992K, used 32K [0x0000000085400000, 0x000000008a700000, 0x00000000d7180000)
  object space 84992K, 0% used [0x0000000085400000,0x0000000085408000,0x000000008a700000)
 Metaspace       used 11382K, capacity 12024K, committed 12288K, reserved 1060864K
  class space    used 1549K, capacity 1702K, committed 1792K, reserved 1048576K
}
Event: 0,658 GC heap before
{Heap before GC invocations=4 (full 0):
 PSYoungGen      total 36864K, used 35136K [0x00000000d7180000, 0x00000000db980000, 0x0000000100000000)
  eden space 31744K, 100% used [0x00000000d7180000,0x00000000d9080000,0x00000000d9080000)
  from space 5120K, 66% used [0x00000000d9080000,0x00000000d93d0020,0x00000000d9580000)
  to   space 5120K, 0% used [0x00000000db480000,0x00000000db480000,0x00000000db980000)
 ParOldGen       total 84992K, used 32K [0x0000000085400000, 0x000000008a700000, 0x00000000d7180000)
  object space 84992K, 0% used [0x0000000085400000,0x0000000085408000,0x000000008a700000)
 Metaspace       used 11469K, capacity 12088K, committed 12288K, reserved 1060864K
  class space    used 1554K, capacity 1702K, committed 1792K, reserved 1048576K
Event: 0,661 GC heap after
Heap after GC invocations=4 (full 0):
 PSYoungGen      total 68608K, used 3440K [0x00000000d7180000, 0x00000000db980000, 0x0000000100000000)
  eden space 63488K, 0% used [0x00000000d7180000,0x00000000d7180000,0x00000000daf80000)
  from space 5120K, 67% used [0x00000000db480000,0x00000000db7dc030,0x00000000db980000)
  to   space 5120K, 0% used [0x00000000daf80000,0x00000000daf80000,0x00000000db480000)
 ParOldGen       total 84992K, used 40K [0x0000000085400000, 0x000000008a700000, 0x00000000d7180000)
  object space 84992K, 0% used [0x0000000085400000,0x000000008540a000,0x000000008a700000)
 Metaspace       used 11469K, capacity 12088K, committed 12288K, reserved 1060864K
  class space    used 1554K, capacity 1702K, committed 1792K, reserved 1048576K
}
Event: 1,464 GC heap before
{Heap before GC invocations=5 (full 0):
 PSYoungGen      total 68608K, used 66928K [0x00000000d7180000, 0x00000000db980000, 0x0000000100000000)
  eden space 63488K, 100% used [0x00000000d7180000,0x00000000daf80000,0x00000000daf80000)
  from space 5120K, 67% used [0x00000000db480000,0x00000000db7dc030,0x00000000db980000)
  to   space 5120K, 0% used [0x00000000daf80000,0x00000000daf80000,0x00000000db480000)
 ParOldGen       total 84992K, used 40K [0x0000000085400000, 0x000000008a700000, 0x00000000d7180000)
  object space 84992K, 0% used [0x0000000085400000,0x000000008540a000,0x000000008a700000)
 Metaspace       used 16092K, capacity 17100K, committed 17280K, reserved 1064960K
  class space    used 2372K, capacity 2608K, committed 2688K, reserved 1048576K
Event: 1,477 GC heap after
Heap after GC invocations=5 (full 0):
 PSYoungGen      total 68608K, used 5088K [0x00000000d7180000, 0x00000000e2880000, 0x0000000100000000)
  eden space 63488K, 0% used [0x00000000d7180000,0x00000000d7180000,0x00000000daf80000)
  from space 5120K, 99% used [0x00000000daf80000,0x00000000db4782a0,0x00000000db480000)
  to   space 30208K, 0% used [0x00000000e0b00000,0x00000000e0b00000,0x00000000e2880000)
 ParOldGen       total 84992K, used 36397K [0x0000000085400000, 0x000000008a700000, 0x00000000d7180000)
  object space 84992K, 42% used [0x0000000085400000,0x000000008778b600,0x000000008a700000)
 Metaspace       used 16092K, capacity 17100K, committed 17280K, reserved 1064960K
  class space    used 2372K, capacity 2608K, committed 2688K, reserved 1048576K
}
Event: 11,631 GC heap before
{Heap before GC invocations=6 (full 0):
 PSYoungGen      total 68608K, used 38343K [0x00000000d7180000, 0x00000000e2880000, 0x0000000100000000)
  eden space 63488K, 52% used [0x00000000d7180000,0x00000000d91f9d28,0x00000000daf80000)
  from space 5120K, 99% used [0x00000000daf80000,0x00000000db4782a0,0x00000000db480000)
  to   space 30208K, 0% used [0x00000000e0b00000,0x00000000e0b00000,0x00000000e2880000)
 ParOldGen       total 84992K, used 36397K [0x0000000085400000, 0x000000008a700000, 0x00000000d7180000)
  object space 84992K, 42% used [0x0000000085400000,0x000000008778b600,0x000000008a700000)
 Metaspace       used 19985K, capacity 21240K, committed 21296K, reserved 1067008K
  class space    used 2893K, capacity 3158K, committed 3200K, reserved 1048576K
Event: 11,642 GC heap after
Heap after GC invocations=6 (full 0):
 PSYoungGen      total 151040K, used 9888K [0x00000000d7180000, 0x00000000e2280000, 0x0000000100000000)
  eden space 126976K, 0% used [0x00000000d7180000,0x00000000d7180000,0x00000000ded80000)
  from space 24064K, 41% used [0x00000000e0b00000,0x00000000e14a82a8,0x00000000e2280000)
  to   space 27136K, 0% used [0x00000000ded80000,0x00000000ded80000,0x00000000e0800000)
 ParOldGen       total 84992K, used 36405K [0x0000000085400000, 0x000000008a700000, 0x00000000d7180000)
  object space 84992K, 42% used [0x0000000085400000,0x000000008778d600,0x000000008a700000)
 Metaspace       used 19985K, capacity 21240K, committed 21296K, reserved 1067008K
  class space    used 2893K, capacity 3158K, committed 3200K, reserved 1048576K
}
Event: 11,642 GC heap before
{Heap before GC invocations=7 (full 1):
 PSYoungGen      total 151040K, used 9888K [0x00000000d7180000, 0x00000000e2280000, 0x0000000100000000)
  eden space 126976K, 0% used [0x00000000d7180000,0x00000000d7180000,0x00000000ded80000)
  from space 24064K, 41% used [0x00000000e0b00000,0x00000000e14a82a8,0x00000000e2280000)
  to   space 27136K, 0% used [0x00000000ded80000,0x00000000ded80000,0x00000000e0800000)
 ParOldGen       total 84992K, used 36405K [0x0000000085400000, 0x000000008a700000, 0x00000000d7180000)
  object space 84992K, 42% used [0x0000000085400000,0x000000008778d600,0x000000008a700000)
 Metaspace       used 19985K, capacity 21240K, committed 21296K, reserved 1067008K
  class space    used 2893K, capacity 3158K, committed 3200K, reserved 1048576K
Event: 11,686 GC heap after
Heap after GC invocations=7 (full 1):
 PSYoungGen      total 151040K, used 0K [0x00000000d7180000, 0x00000000e2280000, 0x0000000100000000)
  eden space 126976K, 0% used [0x00000000d7180000,0x00000000d7180000,0x00000000ded80000)
  from space 24064K, 0% used [0x00000000e0b00000,0x00000000e0b00000,0x00000000e2280000)
  to   space 27136K, 0% used [0x00000000ded80000,0x00000000ded80000,0x00000000e0800000)
 ParOldGen       total 107008K, used 45800K [0x0000000085400000, 0x000000008bc80000, 0x00000000d7180000)
  object space 107008K, 42% used [0x0000000085400000,0x00000000880ba2b8,0x000000008bc80000)
 Metaspace       used 19985K, capacity 21240K, committed 21296K, reserved 1067008K
  class space    used 2893K, capacity 3158K, committed 3200K, reserved 1048576K
}

