# JRE version: Java(TM) SE Runtime Environment (8.0_202-b08) (build 1.8.0_202-b08)
# Java VM: Java HotSpot(TM) 64-Bit Server VM (25.202-b08 mixed mode linux-amd64 compressed oops)
Heap:
 PSYoungGen      total 152064K, used 16135K [0x00000000d7180000, 0x00000000e2380000, 0x0000000100000000)
  eden space 126976K, 12% used [0x00000000d7180000,0x00000000d8141fb0,0x00000000ded80000)
  from space 25088K, 0% used [0x00000000e0b00000,0x00000000e0b00000,0x00000000e2380000)
  to   space 27648K, 0% used [0x00000000ded80000,0x00000000ded80000,0x00000000e0880000)
 ParOldGen       total 108544K, used 47473K [0x0000000085400000, 0x000000008be00000, 0x00000000d7180000)
  object space 108544K, 43% used [0x0000000085400000,0x000000008825c718,0x000000008be00000)
 Metaspace       used 20095K, capacity 21414K, committed 21552K, reserved 1067008K
  class space    used 2905K, capacity 3169K, committed 3200K, reserved 1048576K
GC Heap History (10 events):
Event: 0,590 GC heap before
{Heap before GC invocations=3 (full 0):
 PSYoungGen      total 36864K, used 33760K [0x00000000d7180000, 0x00000000db980000, 0x0000000100000000)
  eden space 31744K, 100% used [0x00000000d7180000,0x00000000d9080000,0x00000000d9080000)
  from space 5120K, 39% used [0x00000000d9580000,0x00000000d9778040,0x00000000d9a80000)
  to   space 5120K, 0% used [0x00000000d9080000,0x00000000d9080000,0x00000000d9580000)
 ParOldGen       total 84992K, used 16K [0x0000000085400000, 0x000000008a700000, 0x00000000d7180000)
  object space 84992K, 0% used [0x0000000085400000,0x0000000085404000,0x000000008a700000)
 Metaspace       used 11289K, capacity 11726K, committed 12032K, reserved 1058816K
  class space    used 1522K, capacity 1673K, committed 1792K, reserved 1048576K
Event: 0,592 GC heap after
Heap after GC invocations=3 (full 0):
 PSYoungGen      total 36864K, used 3424K [0x00000000d7180000, 0x00000000db980000, 0x0000000100000000)
  eden space 31744K, 0% used [0x00000000d7180000,0x00000000d7180000,0x00000000d9080000)
  from space 5120K, 66% used [0x00000000d9080000,0x00000000d93d8020,0x00000000d9580000)
  to   space 5120K, 0% used [0x00000000db480000,0x00000000db480000,0x00000000db980000)
 ParOldGen       total 84992K, used 24K [0x0000000085400000, 0x000000008a700000, 0x00000000d7180000)
  object space 84992K, 0% used [0x0000000085400000,0x0000000085406000,0x000000008a700000)
 Metaspace       used 11289K, capacity 11726K, committed 12032K, reserved 1058816K
  class space    used 1522K, capacity 1673K, committed 1792K, reserved 1048576K
}
Event: 0,645 GC heap before
{Heap before GC invocations=4 (full 0):
 PSYoungGen      total 36864K, used 35168K [0x00000000d7180000, 0x00000000db980000, 0x0000000100000000)
  eden space 31744K, 100% used [0x00000000d7180000,0x00000000d9080000,0x00000000d9080000)
  from space 5120K, 66% used [0x00000000d9080000,0x00000000d93d8020,0x00000000d9580000)
  to   space 5120K, 0% used [0x00000000db480000,0x00000000db480000,0x00000000db980000)
 ParOldGen       total 84992K, used 24K [0x0000000085400000, 0x000000008a700000, 0x00000000d7180000)
  object space 84992K, 0% used [0x0000000085400000,0x0000000085406000,0x000000008a700000)
 Metaspace       used 11476K, capacity 12096K, committed 12288K, reserved 1060864K
  class space    used 1554K, capacity 1702K, committed 1792K, reserved 1048576K
Event: 0,647 GC heap after
Heap after GC invocations=4 (full 0):
 PSYoungGen      total 68608K, used 3440K [0x00000000d7180000, 0x00000000db980000, 0x0000000100000000)
  eden space 63488K, 0% used [0x00000000d7180000,0x00000000d7180000,0x00000000daf80000)
  from space 5120K, 67% used [0x00000000db480000,0x00000000db7dc030,0x00000000db980000)
  to   space 5120K, 0% used [0x00000000daf80000,0x00000000daf80000,0x00000000db480000)
 ParOldGen       total 84992K, used 32K [0x0000000085400000, 0x000000008a700000, 0x00000000d7180000)
  object space 84992K, 0% used [0x0000000085400000,0x0000000085408000,0x000000008a700000)
 Metaspace       used 11476K, capacity 12096K, committed 12288K, reserved 1060864K
  class space    used 1554K, capacity 1702K, committed 1792K, reserved 1048576K
}
Event: 1,410 GC heap before
{Heap before GC invocations=5 (full 0):
 PSYoungGen      total 68608K, used 66928K [0x00000000d7180000, 0x00000000db980000, 0x0000000100000000)
  eden space 63488K, 100% used [0x00000000d7180000,0x00000000daf80000,0x00000000daf80000)
  from space 5120K, 67% used [0x00000000db480000,0x00000000db7dc030,0x00000000db980000)
  to   space 5120K, 0% used [0x00000000daf80000,0x00000000daf80000,0x00000000db480000)
 ParOldGen       total 84992K, used 32K [0x0000000085400000, 0x000000008a700000, 0x00000000d7180000)
  object space 84992K, 0% used [0x0000000085400000,0x0000000085408000,0x000000008a700000)
 Metaspace       used 15896K, capacity 16852K, committed 16896K, reserved 1062912K
  class space    used 2351K, capacity 2544K, committed 2560K, reserved 1048576K
Event: 1,423 GC heap after
Heap after GC invocations=5 (full 0):
 PSYoungGen      total 68608K, used 5104K [0x00000000d7180000, 0x00000000e2880000, 0x0000000100000000)
  eden space 63488K, 0% used [0x00000000d7180000,0x00000000d7180000,0x00000000daf80000)
  from space 5120K, 99% used [0x00000000daf80000,0x00000000db47c270,0x00000000db480000)
  to   space 30208K, 0% used [0x00000000e0b00000,0x00000000e0b00000,0x00000000e2880000)
 ParOldGen       total 84992K, used 36158K [0x0000000085400000, 0x000000008a700000, 0x00000000d7180000)
  object space 84992K, 42% used [0x0000000085400000,0x000000008774f910,0x000000008a700000)
 Metaspace       used 15896K, capacity 16852K, committed 16896K, reserved 1062912K
  class space    used 2351K, capacity 2544K, committed 2560K, reserved 1048576K
}
Event: 10,713 GC heap before
{Heap before GC invocations=6 (full 0):
 PSYoungGen      total 68608K, used 59007K [0x00000000d7180000, 0x00000000e2880000, 0x0000000100000000)
  eden space 63488K, 84% used [0x00000000d7180000,0x00000000da623ce0,0x00000000daf80000)
  from space 5120K, 99% used [0x00000000daf80000,0x00000000db47c270,0x00000000db480000)
  to   space 30208K, 0% used [0x00000000e0b00000,0x00000000e0b00000,0x00000000e2880000)
 ParOldGen       total 84992K, used 36158K [0x0000000085400000, 0x000000008a700000, 0x00000000d7180000)
  object space 84992K, 42% used [0x0000000085400000,0x000000008774f910,0x000000008a700000)
 Metaspace       used 19989K, capacity 21236K, committed 21296K, reserved 1067008K
  class space    used 2895K, capacity 3158K, committed 3200K, reserved 1048576K
Event: 10,721 GC heap after
Heap after GC invocations=6 (full 0):
 PSYoungGen      total 152064K, used 11693K [0x00000000d7180000, 0x00000000e2380000, 0x0000000100000000)
  eden space 126976K, 0% used [0x00000000d7180000,0x00000000d7180000,0x00000000ded80000)
  from space 25088K, 46% used [0x00000000e0b00000,0x00000000e166b748,0x00000000e2380000)
  to   space 27648K, 0% used [0x00000000ded80000,0x00000000ded80000,0x00000000e0880000)
 ParOldGen       total 84992K, used 36166K [0x0000000085400000, 0x000000008a700000, 0x00000000d7180000)
  object space 84992K, 42% used [0x0000000085400000,0x0000000087751910,0x000000008a700000)
 Metaspace       used 19989K, capacity 21236K, committed 21296K, reserved 1067008K
  class space    used 2895K, capacity 3158K, committed 3200K, reserved 1048576K
}
Event: 10,721 GC heap before
{Heap before GC invocations=7 (full 1):
 PSYoungGen      total 152064K, used 11693K [0x00000000d7180000, 0x00000000e2380000, 0x0000000100000000)
  eden space 126976K, 0% used [0x00000000d7180000,0x00000000d7180000,0x00000000ded80000)
  from space 25088K, 46% used [0x00000000e0b00000,0x00000000e166b748,0x00000000e2380000)
  to   space 27648K, 0% used [0x00000000ded80000,0x00000000ded80000,0x00000000e0880000)
 ParOldGen       total 84992K, used 36166K [0x0000000085400000, 0x000000008a700000, 0x00000000d7180000)
  object space 84992K, 42% used [0x0000000085400000,0x0000000087751910,0x000000008a700000)
 Metaspace       used 19989K, capacity 21236K, committed 21296K, reserved 1067008K
  class space    used 2895K, capacity 3158K, committed 3200K, reserved 1048576K
Event: 10,759 GC heap after
Heap after GC invocations=7 (full 1):
 PSYoungGen      total 152064K, used 0K [0x00000000d7180000, 0x00000000e2380000, 0x0000000100000000)
  eden space 126976K, 0% used [0x00000000d7180000,0x00000000d7180000,0x00000000ded80000)
  from space 25088K, 0% used [0x00000000e0b00000,0x00000000e0b00000,0x00000000e2380000)
  to   space 27648K, 0% used [0x00000000ded80000,0x00000000ded80000,0x00000000e0880000)
 ParOldGen       total 108544K, used 47473K [0x0000000085400000, 0x000000008be00000, 0x00000000d7180000)
  object space 108544K, 43% used [0x0000000085400000,0x000000008825c718,0x000000008be00000)
 Metaspace       used 19989K, capacity 21236K, committed 21296K, reserved 1067008K
  class space    used 2895K, capacity 3158K, committed 3200K, reserved 1048576K
}

