# JRE version: Java(TM) SE Runtime Environment (8.0_202-b08) (build 1.8.0_202-b08)
# Java VM: Java HotSpot(TM) 64-Bit Server VM (25.202-b08 mixed mode linux-amd64 compressed oops)
Heap:
 PSYoungGen      total 152576K, used 11515K [0x00000000d7180000, 0x00000000e2580000, 0x0000000100000000)
  eden space 126976K, 9% used [0x00000000d7180000,0x00000000d7cbec80,0x00000000ded80000)
  from space 25600K, 0% used [0x00000000e0c80000,0x00000000e0c80000,0x00000000e2580000)
  to   space 28672K, 0% used [0x00000000ded80000,0x00000000ded80000,0x00000000e0980000)
 ParOldGen       total 113664K, used 47604K [0x0000000085400000, 0x000000008c300000, 0x00000000d7180000)
  object space 113664K, 41% used [0x0000000085400000,0x000000008827d218,0x000000008c300000)
 Metaspace       used 20048K, capacity 21324K, committed 21552K, reserved 1067008K
  class space    used 2898K, capacity 3164K, committed 3200K, reserved 1048576K
GC Heap History (10 events):
Event: 0,620 GC heap before
{Heap before GC invocations=3 (full 0):
 PSYoungGen      total 36864K, used 33728K [0x00000000d7180000, 0x00000000db980000, 0x0000000100000000)
  eden space 31744K, 100% used [0x00000000d7180000,0x00000000d9080000,0x00000000d9080000)
  from space 5120K, 38% used [0x00000000d9580000,0x00000000d9770040,0x00000000d9a80000)
  to   space 5120K, 0% used [0x00000000d9080000,0x00000000d9080000,0x00000000d9580000)
 ParOldGen       total 84992K, used 24K [0x0000000085400000, 0x000000008a700000, 0x00000000d7180000)
  object space 84992K, 0% used [0x0000000085400000,0x0000000085406000,0x000000008a700000)
 Metaspace       used 11384K, capacity 11942K, committed 12288K, reserved 1060864K
  class space    used 1545K, capacity 1697K, committed 1792K, reserved 1048576K
Event: 0,622 GC heap after
Heap after GC invocations=3 (full 0):
 PSYoungGen      total 36864K, used 3344K [0x00000000d7180000, 0x00000000db980000, 0x0000000100000000)
  eden space 31744K, 0% used [0x00000000d7180000,0x00000000d7180000,0x00000000d9080000)
  from space 5120K, 65% used [0x00000000d9080000,0x00000000d93c4030,0x00000000d9580000)
  to   space 5120K, 0% used [0x00000000db480000,0x00000000db480000,0x00000000db980000)
 ParOldGen       total 84992K, used 32K [0x0000000085400000, 0x000000008a700000, 0x00000000d7180000)
  object space 84992K, 0% used [0x0000000085400000,0x0000000085408000,0x000000008a700000)
 Metaspace       used 11384K, capacity 11942K, committed 12288K, reserved 1060864K
  class space    used 1545K, capacity 1697K, committed 1792K, reserved 1048576K
}
Event: 0,668 GC heap before
{Heap before GC invocations=4 (full 0):
 PSYoungGen      total 36864K, used 35088K [0x00000000d7180000, 0x00000000db980000, 0x0000000100000000)
  eden space 31744K, 100% used [0x00000000d7180000,0x00000000d9080000,0x00000000d9080000)
  from space 5120K, 65% used [0x00000000d9080000,0x00000000d93c4030,0x00000000d9580000)
  to   space 5120K, 0% used [0x00000000db480000,0x00000000db480000,0x00000000db980000)
 ParOldGen       total 84992K, used 32K [0x0000000085400000, 0x000000008a700000, 0x00000000d7180000)
  object space 84992K, 0% used [0x0000000085400000,0x0000000085408000,0x000000008a700000)
 Metaspace       used 11486K, capacity 12108K, committed 12288K, reserved 1060864K
  class space    used 1558K, capacity 1730K, committed 1792K, reserved 1048576K
Event: 0,670 GC heap after
Heap after GC invocations=4 (full 0):
 PSYoungGen      total 68608K, used 3440K [0x00000000d7180000, 0x00000000db980000, 0x0000000100000000)
  eden space 63488K, 0% used [0x00000000d7180000,0x00000000d7180000,0x00000000daf80000)
  from space 5120K, 67% used [0x00000000db480000,0x00000000db7dc030,0x00000000db980000)
  to   space 5120K, 0% used [0x00000000daf80000,0x00000000daf80000,0x00000000db480000)
 ParOldGen       total 84992K, used 40K [0x0000000085400000, 0x000000008a700000, 0x00000000d7180000)
  object space 84992K, 0% used [0x0000000085400000,0x000000008540a000,0x000000008a700000)
 Metaspace       used 11486K, capacity 12108K, committed 12288K, reserved 1060864K
  class space    used 1558K, capacity 1730K, committed 1792K, reserved 1048576K
}
Event: 2,453 GC heap before
{Heap before GC invocations=5 (full 0):
 PSYoungGen      total 68608K, used 66928K [0x00000000d7180000, 0x00000000db980000, 0x0000000100000000)
  eden space 63488K, 100% used [0x00000000d7180000,0x00000000daf80000,0x00000000daf80000)
  from space 5120K, 67% used [0x00000000db480000,0x00000000db7dc030,0x00000000db980000)
  to   space 5120K, 0% used [0x00000000daf80000,0x00000000daf80000,0x00000000db480000)
 ParOldGen       total 84992K, used 40K [0x0000000085400000, 0x000000008a700000, 0x00000000d7180000)
  object space 84992K, 0% used [0x0000000085400000,0x000000008540a000,0x000000008a700000)
 Metaspace       used 18186K, capacity 19226K, committed 19584K, reserved 1067008K
  class space    used 2598K, capacity 2817K, committed 2944K, reserved 1048576K
Event: 2,467 GC heap after
Heap after GC invocations=5 (full 0):
 PSYoungGen      total 68608K, used 5104K [0x00000000d7180000, 0x00000000e2b80000, 0x0000000100000000)
  eden space 63488K, 0% used [0x00000000d7180000,0x00000000d7180000,0x00000000daf80000)
  from space 5120K, 99% used [0x00000000daf80000,0x00000000db47c280,0x00000000db480000)
  to   space 31744K, 0% used [0x00000000e0c80000,0x00000000e0c80000,0x00000000e2b80000)
 ParOldGen       total 84992K, used 38621K [0x0000000085400000, 0x000000008a700000, 0x00000000d7180000)
  object space 84992K, 45% used [0x0000000085400000,0x00000000879b76a8,0x000000008a700000)
 Metaspace       used 18186K, capacity 19226K, committed 19584K, reserved 1067008K
  class space    used 2598K, capacity 2817K, committed 2944K, reserved 1048576K
}
Event: 11,870 GC heap before
{Heap before GC invocations=6 (full 0):
 PSYoungGen      total 68608K, used 43869K [0x00000000d7180000, 0x00000000e2b80000, 0x0000000100000000)
  eden space 63488K, 61% used [0x00000000d7180000,0x00000000d975b470,0x00000000daf80000)
  from space 5120K, 99% used [0x00000000daf80000,0x00000000db47c280,0x00000000db480000)
  to   space 31744K, 0% used [0x00000000e0c80000,0x00000000e0c80000,0x00000000e2b80000)
 ParOldGen       total 84992K, used 38621K [0x0000000085400000, 0x000000008a700000, 0x00000000d7180000)
  object space 84992K, 45% used [0x0000000085400000,0x00000000879b76a8,0x000000008a700000)
 Metaspace       used 19954K, capacity 21210K, committed 21296K, reserved 1067008K
  class space    used 2888K, capacity 3153K, committed 3200K, reserved 1048576K
Event: 11,882 GC heap after
Heap after GC invocations=6 (full 0):
 PSYoungGen      total 152576K, used 9388K [0x00000000d7180000, 0x00000000e2580000, 0x0000000100000000)
  eden space 126976K, 0% used [0x00000000d7180000,0x00000000d7180000,0x00000000ded80000)
  from space 25600K, 36% used [0x00000000e0c80000,0x00000000e15ab110,0x00000000e2580000)
  to   space 28672K, 0% used [0x00000000ded80000,0x00000000ded80000,0x00000000e0980000)
 ParOldGen       total 84992K, used 38621K [0x0000000085400000, 0x000000008a700000, 0x00000000d7180000)
  object space 84992K, 45% used [0x0000000085400000,0x00000000879b76a8,0x000000008a700000)
 Metaspace       used 19954K, capacity 21210K, committed 21296K, reserved 1067008K
  class space    used 2888K, capacity 3153K, committed 3200K, reserved 1048576K
}
Event: 11,882 GC heap before
{Heap before GC invocations=7 (full 1):
 PSYoungGen      total 152576K, used 9388K [0x00000000d7180000, 0x00000000e2580000, 0x0000000100000000)
  eden space 126976K, 0% used [0x00000000d7180000,0x00000000d7180000,0x00000000ded80000)
  from space 25600K, 36% used [0x00000000e0c80000,0x00000000e15ab110,0x00000000e2580000)
  to   space 28672K, 0% used [0x00000000ded80000,0x00000000ded80000,0x00000000e0980000)
 ParOldGen       total 84992K, used 38621K [0x0000000085400000, 0x000000008a700000, 0x00000000d7180000)
  object space 84992K, 45% used [0x0000000085400000,0x00000000879b76a8,0x000000008a700000)
 Metaspace       used 19954K, capacity 21210K, committed 21296K, reserved 1067008K
  class space    used 2888K, capacity 3153K, committed 3200K, reserved 1048576K
Event: 11,949 GC heap after
Heap after GC invocations=7 (full 1):
 PSYoungGen      total 152576K, used 0K [0x00000000d7180000, 0x00000000e2580000, 0x0000000100000000)
  eden space 126976K, 0% used [0x00000000d7180000,0x00000000d7180000,0x00000000ded80000)
  from space 25600K, 0% used [0x00000000e0c80000,0x00000000e0c80000,0x00000000e2580000)
  to   space 28672K, 0% used [0x00000000ded80000,0x00000000ded80000,0x00000000e0980000)
 ParOldGen       total 113664K, used 47604K [0x0000000085400000, 0x000000008c300000, 0x00000000d7180000)
  object space 113664K, 41% used [0x0000000085400000,0x000000008827d218,0x000000008c300000)
 Metaspace       used 19954K, capacity 21210K, committed 21296K, reserved 1067008K
  class space    used 2888K, capacity 3153K, committed 3200K, reserved 1048576K
}

