# JRE version: Java(TM) SE Runtime Environment (8.0_202-b08) (build 1.8.0_202-b08)
# Java VM: Java HotSpot(TM) 64-Bit Server VM (25.202-b08 mixed mode linux-amd64 compressed oops)
Heap:
 PSYoungGen      total 145920K, used 15618K [0x00000000d7180000, 0x00000000e9180000, 0x0000000100000000)
  eden space 116736K, 13% used [0x00000000d7180000,0x00000000d80c0808,0x00000000de380000)
  from space 29184K, 0% used [0x00000000de380000,0x00000000de380000,0x00000000e0000000)
  to   space 30720K, 0% used [0x00000000e7380000,0x00000000e7380000,0x00000000e9180000)
 ParOldGen       total 95232K, used 47441K [0x0000000085400000, 0x000000008b100000, 0x00000000d7180000)
  object space 95232K, 49% used [0x0000000085400000,0x00000000882545a8,0x000000008b100000)
 Metaspace       used 20163K, capacity 21494K, committed 21552K, reserved 1067008K
  class space    used 2909K, capacity 3169K, committed 3200K, reserved 1048576K
GC Heap History (10 events):
Event: 0,681 GC heap before
{Heap before GC invocations=4 (full 0):
 PSYoungGen      total 36864K, used 35303K [0x00000000d7180000, 0x00000000db980000, 0x0000000100000000)
  eden space 31744K, 100% used [0x00000000d7180000,0x00000000d9080000,0x00000000d9080000)
  from space 5120K, 69% used [0x00000000d9080000,0x00000000d93f9d18,0x00000000d9580000)
  to   space 5120K, 0% used [0x00000000db480000,0x00000000db480000,0x00000000db980000)
 ParOldGen       total 84992K, used 32K [0x0000000085400000, 0x000000008a700000, 0x00000000d7180000)
  object space 84992K, 0% used [0x0000000085400000,0x0000000085408000,0x000000008a700000)
 Metaspace       used 11309K, capacity 11892K, committed 12032K, reserved 1058816K
  class space    used 1535K, capacity 1696K, committed 1792K, reserved 1048576K
Event: 0,684 GC heap after
Heap after GC invocations=4 (full 0):
 PSYoungGen      total 68608K, used 3424K [0x00000000d7180000, 0x00000000db980000, 0x0000000100000000)
  eden space 63488K, 0% used [0x00000000d7180000,0x00000000d7180000,0x00000000daf80000)
  from space 5120K, 66% used [0x00000000db480000,0x00000000db7d8040,0x00000000db980000)
  to   space 5120K, 0% used [0x00000000daf80000,0x00000000daf80000,0x00000000db480000)
 ParOldGen       total 84992K, used 40K [0x0000000085400000, 0x000000008a700000, 0x00000000d7180000)
  object space 84992K, 0% used [0x0000000085400000,0x000000008540a000,0x000000008a700000)
 Metaspace       used 11309K, capacity 11892K, committed 12032K, reserved 1058816K
  class space    used 1535K, capacity 1696K, committed 1792K, reserved 1048576K
}
Event: 1,299 GC heap before
{Heap before GC invocations=5 (full 0):
 PSYoungGen      total 68608K, used 59271K [0x00000000d7180000, 0x00000000db980000, 0x0000000100000000)
  eden space 63488K, 87% used [0x00000000d7180000,0x00000000da809f38,0x00000000daf80000)
  from space 5120K, 66% used [0x00000000db480000,0x00000000db7d8040,0x00000000db980000)
  to   space 5120K, 0% used [0x00000000daf80000,0x00000000daf80000,0x00000000db480000)
 ParOldGen       total 84992K, used 40K [0x0000000085400000, 0x000000008a700000, 0x00000000d7180000)
  object space 84992K, 0% used [0x0000000085400000,0x000000008540a000,0x000000008a700000)
 Metaspace       used 15831K, capacity 16776K, committed 16896K, reserved 1062912K
  class space    used 2339K, capacity 2538K, committed 2560K, reserved 1048576K
Event: 1,310 GC heap after
Heap after GC invocations=5 (full 0):
 PSYoungGen      total 68608K, used 5104K [0x00000000d7180000, 0x00000000e1280000, 0x0000000100000000)
  eden space 63488K, 0% used [0x00000000d7180000,0x00000000d7180000,0x00000000daf80000)
  from space 5120K, 99% used [0x00000000daf80000,0x00000000db47c290,0x00000000db480000)
  to   space 18944K, 0% used [0x00000000e0000000,0x00000000e0000000,0x00000000e1280000)
 ParOldGen       total 84992K, used 19862K [0x0000000085400000, 0x000000008a700000, 0x00000000d7180000)
  object space 84992K, 23% used [0x0000000085400000,0x00000000867658d8,0x000000008a700000)
 Metaspace       used 15831K, capacity 16776K, committed 16896K, reserved 1062912K
  class space    used 2339K, capacity 2538K, committed 2560K, reserved 1048576K
}
Event: 12,024 GC heap before
{Heap before GC invocations=6 (full 0):
 PSYoungGen      total 68608K, used 68592K [0x00000000d7180000, 0x00000000e1280000, 0x0000000100000000)
  eden space 63488K, 100% used [0x00000000d7180000,0x00000000daf80000,0x00000000daf80000)
  from space 5120K, 99% used [0x00000000daf80000,0x00000000db47c290,0x00000000db480000)
  to   space 18944K, 0% used [0x00000000e0000000,0x00000000e0000000,0x00000000e1280000)
 ParOldGen       total 84992K, used 19862K [0x0000000085400000, 0x000000008a700000, 0x00000000d7180000)
  object space 84992K, 23% used [0x0000000085400000,0x00000000867658d8,0x000000008a700000)
 Metaspace       used 19997K, capacity 21244K, committed 21296K, reserved 1067008K
  class space    used 2899K, capacity 3158K, committed 3200K, reserved 1048576K
Event: 12,036 GC heap after
Heap after GC invocations=6 (full 0):
 PSYoungGen      total 135680K, used 18919K [0x00000000d7180000, 0x00000000e2680000, 0x0000000100000000)
  eden space 116736K, 0% used [0x00000000d7180000,0x00000000d7180000,0x00000000de380000)
  from space 18944K, 99% used [0x00000000e0000000,0x00000000e1279cd8,0x00000000e1280000)
  to   space 29184K, 0% used [0x00000000de380000,0x00000000de380000,0x00000000e0000000)
 ParOldGen       total 84992K, used 29079K [0x0000000085400000, 0x000000008a700000, 0x00000000d7180000)
  object space 84992K, 34% used [0x0000000085400000,0x0000000087065e40,0x000000008a700000)
 Metaspace       used 19997K, capacity 21244K, committed 21296K, reserved 1067008K
  class space    used 2899K, capacity 3158K, committed 3200K, reserved 1048576K
}
Event: 12,042 GC heap before
{Heap before GC invocations=7 (full 0):
 PSYoungGen      total 135680K, used 27901K [0x00000000d7180000, 0x00000000e2680000, 0x0000000100000000)
  eden space 116736K, 7% used [0x00000000d7180000,0x00000000d7a45af8,0x00000000de380000)
  from space 18944K, 99% used [0x00000000e0000000,0x00000000e1279cd8,0x00000000e1280000)
  to   space 29184K, 0% used [0x00000000de380000,0x00000000de380000,0x00000000e0000000)
 ParOldGen       total 84992K, used 29079K [0x0000000085400000, 0x000000008a700000, 0x00000000d7180000)
  object space 84992K, 34% used [0x0000000085400000,0x0000000087065e40,0x000000008a700000)
 Metaspace       used 20004K, capacity 21244K, committed 21296K, reserved 1067008K
  class space    used 2899K, capacity 3158K, committed 3200K, reserved 1048576K
Event: 12,054 GC heap after
Heap after GC invocations=7 (full 0):
 PSYoungGen      total 145920K, used 18855K [0x00000000d7180000, 0x00000000e9180000, 0x0000000100000000)
  eden space 116736K, 0% used [0x00000000d7180000,0x00000000d7180000,0x00000000de380000)
  from space 29184K, 64% used [0x00000000de380000,0x00000000df5e9cd8,0x00000000e0000000)
  to   space 30720K, 0% used [0x00000000e7380000,0x00000000e7380000,0x00000000e9180000)
 ParOldGen       total 84992K, used 29343K [0x0000000085400000, 0x000000008a700000, 0x00000000d7180000)
  object space 84992K, 34% used [0x0000000085400000,0x00000000870a7e40,0x000000008a700000)
 Metaspace       used 20004K, capacity 21244K, committed 21296K, reserved 1067008K
  class space    used 2899K, capacity 3158K, committed 3200K, reserved 1048576K
}
Event: 12,054 GC heap before
{Heap before GC invocations=8 (full 1):
 PSYoungGen      total 145920K, used 18855K [0x00000000d7180000, 0x00000000e9180000, 0x0000000100000000)
  eden space 116736K, 0% used [0x00000000d7180000,0x00000000d7180000,0x00000000de380000)
  from space 29184K, 64% used [0x00000000de380000,0x00000000df5e9cd8,0x00000000e0000000)
  to   space 30720K, 0% used [0x00000000e7380000,0x00000000e7380000,0x00000000e9180000)
 ParOldGen       total 84992K, used 29343K [0x0000000085400000, 0x000000008a700000, 0x00000000d7180000)
  object space 84992K, 34% used [0x0000000085400000,0x00000000870a7e40,0x000000008a700000)
 Metaspace       used 20004K, capacity 21244K, committed 21296K, reserved 1067008K
  class space    used 2899K, capacity 3158K, committed 3200K, reserved 1048576K
Event: 12,151 GC heap after
Heap after GC invocations=8 (full 1):
 PSYoungGen      total 145920K, used 0K [0x00000000d7180000, 0x00000000e9180000, 0x0000000100000000)
  eden space 116736K, 0% used [0x00000000d7180000,0x00000000d7180000,0x00000000de380000)
  from space 29184K, 0% used [0x00000000de380000,0x00000000de380000,0x00000000e0000000)
  to   space 30720K, 0% used [0x00000000e7380000,0x00000000e7380000,0x00000000e9180000)
 ParOldGen       total 95232K, used 47441K [0x0000000085400000, 0x000000008b100000, 0x00000000d7180000)
  object space 95232K, 49% used [0x0000000085400000,0x00000000882545a8,0x000000008b100000)
 Metaspace       used 20004K, capacity 21244K, committed 21296K, reserved 1067008K
  class space    used 2899K, capacity 3158K, committed 3200K, reserved 1048576K
}

