# JRE version: Java(TM) SE Runtime Environment (8.0_202-b08) (build 1.8.0_202-b08)
# Java VM: Java HotSpot(TM) 64-Bit Server VM (25.202-b08 mixed mode linux-amd64 compressed oops)
Heap:
 PSYoungGen      total 68608K, used 28793K [0x00000000d7180000, 0x00000000e2880000, 0x0000000100000000)
  eden space 63488K, 37% used [0x00000000d7180000,0x00000000d88a25f0,0x00000000daf80000)
  from space 5120K, 99% used [0x00000000daf80000,0x00000000db47c030,0x00000000db480000)
  to   space 30208K, 0% used [0x00000000e0b00000,0x00000000e0b00000,0x00000000e2880000)
 ParOldGen       total 84992K, used 36252K [0x0000000085400000, 0x000000008a700000, 0x00000000d7180000)
  object space 84992K, 42% used [0x0000000085400000,0x0000000087767340,0x000000008a700000)
 Metaspace       used 18758K, capacity 19862K, committed 20096K, reserved 1067008K
  class space    used 2616K, capacity 2847K, committed 2944K, reserved 1048576K
GC Heap History (10 events):
Event: 0,408 GC heap before
{Heap before GC invocations=1 (full 0):
 PSYoungGen      total 36864K, used 31744K [0x00000000d7180000, 0x00000000d9a80000, 0x0000000100000000)
  eden space 31744K, 100% used [0x00000000d7180000,0x00000000d9080000,0x00000000d9080000)
  from space 5120K, 0% used [0x00000000d9580000,0x00000000d9580000,0x00000000d9a80000)
  to   space 5120K, 0% used [0x00000000d9080000,0x00000000d9080000,0x00000000d9580000)
 ParOldGen       total 84992K, used 0K [0x0000000085400000, 0x000000008a700000, 0x00000000d7180000)
  object space 84992K, 0% used [0x0000000085400000,0x0000000085400000,0x000000008a700000)
 Metaspace       used 8530K, capacity 8824K, committed 9088K, reserved 1056768K
  class space    used 1006K, capacity 1114K, committed 1152K, reserved 1048576K
Event: 0,410 GC heap after
Heap after GC invocations=1 (full 0):
 PSYoungGen      total 36864K, used 2126K [0x00000000d7180000, 0x00000000d9a80000, 0x0000000100000000)
  eden space 31744K, 0% used [0x00000000d7180000,0x00000000d7180000,0x00000000d9080000)
  from space 5120K, 41% used [0x00000000d9080000,0x00000000d9293b98,0x00000000d9580000)
  to   space 5120K, 0% used [0x00000000d9580000,0x00000000d9580000,0x00000000d9a80000)
 ParOldGen       total 84992K, used 16K [0x0000000085400000, 0x000000008a700000, 0x00000000d7180000)
  object space 84992K, 0% used [0x0000000085400000,0x0000000085404000,0x000000008a700000)
 Metaspace       used 8530K, capacity 8824K, committed 9088K, reserved 1056768K
  class space    used 1006K, capacity 1114K, committed 1152K, reserved 1048576K
}
Event: 0,460 GC heap before
{Heap before GC invocations=2 (full 0):
 PSYoungGen      total 36864K, used 33870K [0x00000000d7180000, 0x00000000d9a80000, 0x0000000100000000)
  eden space 31744K, 100% used [0x00000000d7180000,0x00000000d9080000,0x00000000d9080000)
  from space 5120K, 41% used [0x00000000d9080000,0x00000000d9293b98,0x00000000d9580000)
  to   space 5120K, 0% used [0x00000000d9580000,0x00000000d9580000,0x00000000d9a80000)
 ParOldGen       total 84992K, used 16K [0x0000000085400000, 0x000000008a700000, 0x00000000d7180000)
  object space 84992K, 0% used [0x0000000085400000,0x0000000085404000,0x000000008a700000)
 Metaspace       used 8866K, capacity 9254K, committed 9472K, reserved 1056768K
  class space    used 1072K, capacity 1189K, committed 1280K, reserved 1048576K
Event: 0,461 GC heap after
Heap after GC invocations=2 (full 0):
 PSYoungGen      total 36864K, used 2096K [0x00000000d7180000, 0x00000000db980000, 0x0000000100000000)
  eden space 31744K, 0% used [0x00000000d7180000,0x00000000d7180000,0x00000000d9080000)
  from space 5120K, 40% used [0x00000000d9580000,0x00000000d978c030,0x00000000d9a80000)
  to   space 5120K, 0% used [0x00000000d9080000,0x00000000d9080000,0x00000000d9580000)
 ParOldGen       total 84992K, used 24K [0x0000000085400000, 0x000000008a700000, 0x00000000d7180000)
  object space 84992K, 0% used [0x0000000085400000,0x0000000085406000,0x000000008a700000)
 Metaspace       used 8866K, capacity 9254K, committed 9472K, reserved 1056768K
  class space    used 1072K, capacity 1189K, committed 1280K, reserved 1048576K
}
Event: 0,620 GC heap before
{Heap before GC invocations=3 (full 0):
 PSYoungGen      total 36864K, used 33840K [0x00000000d7180000, 0x00000000db980000, 0x0000000100000000)
  eden space 31744K, 100% used [0x00000000d7180000,0x00000000d9080000,0x00000000d9080000)
  from space 5120K, 40% used [0x00000000d9580000,0x00000000d978c030,0x00000000d9a80000)
  to   space 5120K, 0% used [0x00000000d9080000,0x00000000d9080000,0x00000000d9580000)
 ParOldGen       total 84992K, used 24K [0x0000000085400000, 0x000000008a700000, 0x00000000d7180000)
  object space 84992K, 0% used [0x0000000085400000,0x0000000085406000,0x000000008a700000)
 Metaspace       used 11406K, capacity 12040K, committed 12288K, reserved 1060864K
  class space    used 1548K, capacity 1702K, committed 1792K, reserved 1048576K
Event: 0,622 GC heap after
Heap after GC invocations=3 (full 0):
 PSYoungGen      total 36864K, used 3424K [0x00000000d7180000, 0x00000000db980000, 0x0000000100000000)
  eden space 31744K, 0% used [0x00000000d7180000,0x00000000d7180000,0x00000000d9080000)
  from space 5120K, 66% used [0x00000000d9080000,0x00000000d93d8020,0x00000000d9580000)
  to   space 5120K, 0% used [0x00000000db480000,0x00000000db480000,0x00000000db980000)
 ParOldGen       total 84992K, used 32K [0x0000000085400000, 0x000000008a700000, 0x00000000d7180000)
  object space 84992K, 0% used [0x0000000085400000,0x0000000085408000,0x000000008a700000)
 Metaspace       used 11406K, capacity 12040K, committed 12288K, reserved 1060864K
  class space    used 1548K, capacity 1702K, committed 1792K, reserved 1048576K
}
Event: 0,660 GC heap before
{Heap before GC invocations=4 (full 0):
 PSYoungGen      total 36864K, used 35168K [0x00000000d7180000, 0x00000000db980000, 0x0000000100000000)
  eden space 31744K, 100% used [0x00000000d7180000,0x00000000d9080000,0x00000000d9080000)
  from space 5120K, 66% used [0x00000000d9080000,0x00000000d93d8020,0x00000000d9580000)
  to   space 5120K, 0% used [0x00000000db480000,0x00000000db480000,0x00000000db980000)
 ParOldGen       total 84992K, used 32K [0x0000000085400000, 0x000000008a700000, 0x00000000d7180000)
  object space 84992K, 0% used [0x0000000085400000,0x0000000085408000,0x000000008a700000)
 Metaspace       used 11489K, capacity 12104K, committed 12288K, reserved 1060864K
  class space    used 1553K, capacity 1702K, committed 1792K, reserved 1048576K
Event: 0,662 GC heap after
Heap after GC invocations=4 (full 0):
 PSYoungGen      total 68608K, used 3472K [0x00000000d7180000, 0x00000000db980000, 0x0000000100000000)
  eden space 63488K, 0% used [0x00000000d7180000,0x00000000d7180000,0x00000000daf80000)
  from space 5120K, 67% used [0x00000000db480000,0x00000000db7e4030,0x00000000db980000)
  to   space 5120K, 0% used [0x00000000daf80000,0x00000000daf80000,0x00000000db480000)
 ParOldGen       total 84992K, used 40K [0x0000000085400000, 0x000000008a700000, 0x00000000d7180000)
  object space 84992K, 0% used [0x0000000085400000,0x000000008540a000,0x000000008a700000)
 Metaspace       used 11489K, capacity 12104K, committed 12288K, reserved 1060864K
  class space    used 1553K, capacity 1702K, committed 1792K, reserved 1048576K
}
Event: 1,449 GC heap before
{Heap before GC invocations=5 (full 0):
 PSYoungGen      total 68608K, used 66960K [0x00000000d7180000, 0x00000000db980000, 0x0000000100000000)
  eden space 63488K, 100% used [0x00000000d7180000,0x00000000daf80000,0x00000000daf80000)
  from space 5120K, 67% used [0x00000000db480000,0x00000000db7e4030,0x00000000db980000)
  to   space 5120K, 0% used [0x00000000daf80000,0x00000000daf80000,0x00000000db480000)
 ParOldGen       total 84992K, used 40K [0x0000000085400000, 0x000000008a700000, 0x00000000d7180000)
  object space 84992K, 0% used [0x0000000085400000,0x000000008540a000,0x000000008a700000)
 Metaspace       used 15885K, capacity 16832K, committed 16896K, reserved 1062912K
  class space    used 2335K, capacity 2540K, committed 2560K, reserved 1048576K
Event: 1,463 GC heap after
Heap after GC invocations=5 (full 0):
 PSYoungGen      total 68608K, used 5104K [0x00000000d7180000, 0x00000000e2880000, 0x0000000100000000)
  eden space 63488K, 0% used [0x00000000d7180000,0x00000000d7180000,0x00000000daf80000)
  from space 5120K, 99% used [0x00000000daf80000,0x00000000db47c030,0x00000000db480000)
  to   space 30208K, 0% used [0x00000000e0b00000,0x00000000e0b00000,0x00000000e2880000)
 ParOldGen       total 84992K, used 36252K [0x0000000085400000, 0x000000008a700000, 0x00000000d7180000)
  object space 84992K, 42% used [0x0000000085400000,0x0000000087767340,0x000000008a700000)
 Metaspace       used 15885K, capacity 16832K, committed 16896K, reserved 1062912K
  class space    used 2335K, capacity 2540K, committed 2560K, reserved 1048576K
}

