# JRE version: Java(TM) SE Runtime Environment (8.0_202-b08) (build 1.8.0_202-b08)
# Java VM: Java HotSpot(TM) 64-Bit Server VM (25.202-b08 mixed mode linux-amd64 compressed oops)
Heap:
 PSYoungGen      total 153600K, used 3951K [0x00000000d7180000, 0x00000000e2680000, 0x0000000100000000)
  eden space 126976K, 3% used [0x00000000d7180000,0x00000000d755bc98,0x00000000ded80000)
  from space 26624K, 0% used [0x00000000e0c80000,0x00000000e0c80000,0x00000000e2680000)
  to   space 29184K, 0% used [0x00000000ded80000,0x00000000ded80000,0x00000000e0a00000)
 ParOldGen       total 110592K, used 47590K [0x0000000085400000, 0x000000008c000000, 0x00000000d7180000)
  object space 110592K, 43% used [0x0000000085400000,0x0000000088279a00,0x000000008c000000)
 Metaspace       used 20032K, capacity 21336K, committed 21552K, reserved 1067008K
  class space    used 2901K, capacity 3164K, committed 3200K, reserved 1048576K
GC Heap History (10 events):
Event: 0,626 GC heap before
{Heap before GC invocations=3 (full 0):
 PSYoungGen      total 36864K, used 33776K [0x00000000d7180000, 0x00000000db980000, 0x0000000100000000)
  eden space 31744K, 100% used [0x00000000d7180000,0x00000000d9080000,0x00000000d9080000)
  from space 5120K, 39% used [0x00000000d9580000,0x00000000d977c030,0x00000000d9a80000)
  to   space 5120K, 0% used [0x00000000d9080000,0x00000000d9080000,0x00000000d9580000)
 ParOldGen       total 84992K, used 24K [0x0000000085400000, 0x000000008a700000, 0x00000000d7180000)
  object space 84992K, 0% used [0x0000000085400000,0x0000000085406000,0x000000008a700000)
 Metaspace       used 11379K, capacity 11954K, committed 12288K, reserved 1060864K
  class space    used 1548K, capacity 1697K, committed 1792K, reserved 1048576K
Event: 0,629 GC heap after
Heap after GC invocations=3 (full 0):
 PSYoungGen      total 36864K, used 3360K [0x00000000d7180000, 0x00000000db980000, 0x0000000100000000)
  eden space 31744K, 0% used [0x00000000d7180000,0x00000000d7180000,0x00000000d9080000)
  from space 5120K, 65% used [0x00000000d9080000,0x00000000d93c8040,0x00000000d9580000)
  to   space 5120K, 0% used [0x00000000db480000,0x00000000db480000,0x00000000db980000)
 ParOldGen       total 84992K, used 32K [0x0000000085400000, 0x000000008a700000, 0x00000000d7180000)
  object space 84992K, 0% used [0x0000000085400000,0x0000000085408000,0x000000008a700000)
 Metaspace       used 11379K, capacity 11954K, committed 12288K, reserved 1060864K
  class space    used 1548K, capacity 1697K, committed 1792K, reserved 1048576K
}
Event: 0,666 GC heap before
{Heap before GC invocations=4 (full 0):
 PSYoungGen      total 36864K, used 35104K [0x00000000d7180000, 0x00000000db980000, 0x0000000100000000)
  eden space 31744K, 100% used [0x00000000d7180000,0x00000000d9080000,0x00000000d9080000)
  from space 5120K, 65% used [0x00000000d9080000,0x00000000d93c8040,0x00000000d9580000)
  to   space 5120K, 0% used [0x00000000db480000,0x00000000db480000,0x00000000db980000)
 ParOldGen       total 84992K, used 32K [0x0000000085400000, 0x000000008a700000, 0x00000000d7180000)
  object space 84992K, 0% used [0x0000000085400000,0x0000000085408000,0x000000008a700000)
 Metaspace       used 11479K, capacity 12056K, committed 12288K, reserved 1060864K
  class space    used 1560K, capacity 1730K, committed 1792K, reserved 1048576K
Event: 0,669 GC heap after
Heap after GC invocations=4 (full 0):
 PSYoungGen      total 68608K, used 3360K [0x00000000d7180000, 0x00000000db980000, 0x0000000100000000)
  eden space 63488K, 0% used [0x00000000d7180000,0x00000000d7180000,0x00000000daf80000)
  from space 5120K, 65% used [0x00000000db480000,0x00000000db7c8040,0x00000000db980000)
  to   space 5120K, 0% used [0x00000000daf80000,0x00000000daf80000,0x00000000db480000)
 ParOldGen       total 84992K, used 40K [0x0000000085400000, 0x000000008a700000, 0x00000000d7180000)
  object space 84992K, 0% used [0x0000000085400000,0x000000008540a000,0x000000008a700000)
 Metaspace       used 11479K, capacity 12056K, committed 12288K, reserved 1060864K
  class space    used 1560K, capacity 1730K, committed 1792K, reserved 1048576K
}
Event: 2,381 GC heap before
{Heap before GC invocations=5 (full 0):
 PSYoungGen      total 68608K, used 66848K [0x00000000d7180000, 0x00000000db980000, 0x0000000100000000)
  eden space 63488K, 100% used [0x00000000d7180000,0x00000000daf80000,0x00000000daf80000)
  from space 5120K, 65% used [0x00000000db480000,0x00000000db7c8040,0x00000000db980000)
  to   space 5120K, 0% used [0x00000000daf80000,0x00000000daf80000,0x00000000db480000)
 ParOldGen       total 84992K, used 40K [0x0000000085400000, 0x000000008a700000, 0x00000000d7180000)
  object space 84992K, 0% used [0x0000000085400000,0x000000008540a000,0x000000008a700000)
 Metaspace       used 18113K, capacity 19162K, committed 19328K, reserved 1064960K
  class space    used 2598K, capacity 2817K, committed 2944K, reserved 1048576K
Event: 2,394 GC heap after
Heap after GC invocations=5 (full 0):
 PSYoungGen      total 68608K, used 5104K [0x00000000d7180000, 0x00000000e2b80000, 0x0000000100000000)
  eden space 63488K, 0% used [0x00000000d7180000,0x00000000d7180000,0x00000000daf80000)
  from space 5120K, 99% used [0x00000000daf80000,0x00000000db47c2a0,0x00000000db480000)
  to   space 31744K, 0% used [0x00000000e0c80000,0x00000000e0c80000,0x00000000e2b80000)
 ParOldGen       total 84992K, used 38866K [0x0000000085400000, 0x000000008a700000, 0x00000000d7180000)
  object space 84992K, 45% used [0x0000000085400000,0x00000000879f4bb8,0x000000008a700000)
 Metaspace       used 18113K, capacity 19162K, committed 19328K, reserved 1064960K
  class space    used 2598K, capacity 2817K, committed 2944K, reserved 1048576K
}
Event: 13,131 GC heap before
{Heap before GC invocations=6 (full 0):
 PSYoungGen      total 68608K, used 40759K [0x00000000d7180000, 0x00000000e2b80000, 0x0000000100000000)
  eden space 63488K, 56% used [0x00000000d7180000,0x00000000d9451c50,0x00000000daf80000)
  from space 5120K, 99% used [0x00000000daf80000,0x00000000db47c2a0,0x00000000db480000)
  to   space 31744K, 0% used [0x00000000e0c80000,0x00000000e0c80000,0x00000000e2b80000)
 ParOldGen       total 84992K, used 38866K [0x0000000085400000, 0x000000008a700000, 0x00000000d7180000)
  object space 84992K, 45% used [0x0000000085400000,0x00000000879f4bb8,0x000000008a700000)
 Metaspace       used 19967K, capacity 21222K, committed 21296K, reserved 1067008K
  class space    used 2891K, capacity 3153K, committed 3200K, reserved 1048576K
Event: 13,141 GC heap after
Heap after GC invocations=6 (full 0):
 PSYoungGen      total 153600K, used 9292K [0x00000000d7180000, 0x00000000e2680000, 0x0000000100000000)
  eden space 126976K, 0% used [0x00000000d7180000,0x00000000d7180000,0x00000000ded80000)
  from space 26624K, 34% used [0x00000000e0c80000,0x00000000e1593058,0x00000000e2680000)
  to   space 29184K, 0% used [0x00000000ded80000,0x00000000ded80000,0x00000000e0a00000)
 ParOldGen       total 84992K, used 38874K [0x0000000085400000, 0x000000008a700000, 0x00000000d7180000)
  object space 84992K, 45% used [0x0000000085400000,0x00000000879f6bb8,0x000000008a700000)
 Metaspace       used 19967K, capacity 21222K, committed 21296K, reserved 1067008K
  class space    used 2891K, capacity 3153K, committed 3200K, reserved 1048576K
}
Event: 13,141 GC heap before
{Heap before GC invocations=7 (full 1):
 PSYoungGen      total 153600K, used 9292K [0x00000000d7180000, 0x00000000e2680000, 0x0000000100000000)
  eden space 126976K, 0% used [0x00000000d7180000,0x00000000d7180000,0x00000000ded80000)
  from space 26624K, 34% used [0x00000000e0c80000,0x00000000e1593058,0x00000000e2680000)
  to   space 29184K, 0% used [0x00000000ded80000,0x00000000ded80000,0x00000000e0a00000)
 ParOldGen       total 84992K, used 38874K [0x0000000085400000, 0x000000008a700000, 0x00000000d7180000)
  object space 84992K, 45% used [0x0000000085400000,0x00000000879f6bb8,0x000000008a700000)
 Metaspace       used 19967K, capacity 21222K, committed 21296K, reserved 1067008K
  class space    used 2891K, capacity 3153K, committed 3200K, reserved 1048576K
Event: 13,194 GC heap after
Heap after GC invocations=7 (full 1):
 PSYoungGen      total 153600K, used 0K [0x00000000d7180000, 0x00000000e2680000, 0x0000000100000000)
  eden space 126976K, 0% used [0x00000000d7180000,0x00000000d7180000,0x00000000ded80000)
  from space 26624K, 0% used [0x00000000e0c80000,0x00000000e0c80000,0x00000000e2680000)
  to   space 29184K, 0% used [0x00000000ded80000,0x00000000ded80000,0x00000000e0a00000)
 ParOldGen       total 110592K, used 47590K [0x0000000085400000, 0x000000008c000000, 0x00000000d7180000)
  object space 110592K, 43% used [0x0000000085400000,0x0000000088279a00,0x000000008c000000)
 Metaspace       used 19967K, capacity 21222K, committed 21296K, reserved 1067008K
  class space    used 2891K, capacity 3153K, committed 3200K, reserved 1048576K
}

