# JRE version: Java(TM) SE Runtime Environment (8.0_202-b08) (build 1.8.0_202-b08)
# Java VM: Java HotSpot(TM) 64-Bit Server VM (25.202-b08 mixed mode linux-amd64 compressed oops)
Heap:
 PSYoungGen      total 151040K, used 7013K [0x00000000d7180000, 0x00000000e2280000, 0x0000000100000000)
  eden space 126976K, 5% used [0x00000000d7180000,0x00000000d7859728,0x00000000ded80000)
  from space 24064K, 0% used [0x00000000e0b00000,0x00000000e0b00000,0x00000000e2280000)
  to   space 27136K, 0% used [0x00000000ded80000,0x00000000ded80000,0x00000000e0800000)
 ParOldGen       total 105472K, used 45688K [0x0000000085400000, 0x000000008bb00000, 0x00000000d7180000)
  object space 105472K, 43% used [0x0000000085400000,0x000000008809e258,0x000000008bb00000)
 Metaspace       used 20109K, capacity 21390K, committed 21552K, reserved 1067008K
  class space    used 2912K, capacity 3175K, committed 3200K, reserved 1048576K
GC Heap History (10 events):
Event: 0,618 GC heap before
{Heap before GC invocations=3 (full 0):
 PSYoungGen      total 36864K, used 33760K [0x00000000d7180000, 0x00000000db980000, 0x0000000100000000)
  eden space 31744K, 100% used [0x00000000d7180000,0x00000000d9080000,0x00000000d9080000)
  from space 5120K, 39% used [0x00000000d9580000,0x00000000d9778040,0x00000000d9a80000)
  to   space 5120K, 0% used [0x00000000d9080000,0x00000000d9080000,0x00000000d9580000)
 ParOldGen       total 84992K, used 24K [0x0000000085400000, 0x000000008a700000, 0x00000000d7180000)
  object space 84992K, 0% used [0x0000000085400000,0x0000000085406000,0x000000008a700000)
 Metaspace       used 11411K, capacity 12040K, committed 12288K, reserved 1060864K
  class space    used 1548K, capacity 1702K, committed 1792K, reserved 1048576K
Event: 0,620 GC heap after
Heap after GC invocations=3 (full 0):
 PSYoungGen      total 36864K, used 3360K [0x00000000d7180000, 0x00000000db980000, 0x0000000100000000)
  eden space 31744K, 0% used [0x00000000d7180000,0x00000000d7180000,0x00000000d9080000)
  from space 5120K, 65% used [0x00000000d9080000,0x00000000d93c8040,0x00000000d9580000)
  to   space 5120K, 0% used [0x00000000db480000,0x00000000db480000,0x00000000db980000)
 ParOldGen       total 84992K, used 32K [0x0000000085400000, 0x000000008a700000, 0x00000000d7180000)
  object space 84992K, 0% used [0x0000000085400000,0x0000000085408000,0x000000008a700000)
 Metaspace       used 11411K, capacity 12040K, committed 12288K, reserved 1060864K
  class space    used 1548K, capacity 1702K, committed 1792K, reserved 1048576K
}
Event: 0,663 GC heap before
{Heap before GC invocations=4 (full 0):
 PSYoungGen      total 36864K, used 35104K [0x00000000d7180000, 0x00000000db980000, 0x0000000100000000)
  eden space 31744K, 100% used [0x00000000d7180000,0x00000000d9080000,0x00000000d9080000)
  from space 5120K, 65% used [0x00000000d9080000,0x00000000d93c8040,0x00000000d9580000)
  to   space 5120K, 0% used [0x00000000db480000,0x00000000db480000,0x00000000db980000)
 ParOldGen       total 84992K, used 32K [0x0000000085400000, 0x000000008a700000, 0x00000000d7180000)
  object space 84992K, 0% used [0x0000000085400000,0x0000000085408000,0x000000008a700000)
 Metaspace       used 11496K, capacity 12168K, committed 12288K, reserved 1060864K
  class space    used 1553K, capacity 1702K, committed 1792K, reserved 1048576K
Event: 0,666 GC heap after
Heap after GC invocations=4 (full 0):
 PSYoungGen      total 68608K, used 3472K [0x00000000d7180000, 0x00000000db980000, 0x0000000100000000)
  eden space 63488K, 0% used [0x00000000d7180000,0x00000000d7180000,0x00000000daf80000)
  from space 5120K, 67% used [0x00000000db480000,0x00000000db7e4030,0x00000000db980000)
  to   space 5120K, 0% used [0x00000000daf80000,0x00000000daf80000,0x00000000db480000)
 ParOldGen       total 84992K, used 40K [0x0000000085400000, 0x000000008a700000, 0x00000000d7180000)
  object space 84992K, 0% used [0x0000000085400000,0x000000008540a000,0x000000008a700000)
 Metaspace       used 11496K, capacity 12168K, committed 12288K, reserved 1060864K
  class space    used 1553K, capacity 1702K, committed 1792K, reserved 1048576K
}
Event: 1,420 GC heap before
{Heap before GC invocations=5 (full 0):
 PSYoungGen      total 68608K, used 66960K [0x00000000d7180000, 0x00000000db980000, 0x0000000100000000)
  eden space 63488K, 100% used [0x00000000d7180000,0x00000000daf80000,0x00000000daf80000)
  from space 5120K, 67% used [0x00000000db480000,0x00000000db7e4030,0x00000000db980000)
  to   space 5120K, 0% used [0x00000000daf80000,0x00000000daf80000,0x00000000db480000)
 ParOldGen       total 84992K, used 40K [0x0000000085400000, 0x000000008a700000, 0x00000000d7180000)
  object space 84992K, 0% used [0x0000000085400000,0x000000008540a000,0x000000008a700000)
 Metaspace       used 15935K, capacity 16860K, committed 16896K, reserved 1062912K
  class space    used 2352K, capacity 2544K, committed 2560K, reserved 1048576K
Event: 1,436 GC heap after
Heap after GC invocations=5 (full 0):
 PSYoungGen      total 68608K, used 5088K [0x00000000d7180000, 0x00000000e2880000, 0x0000000100000000)
  eden space 63488K, 0% used [0x00000000d7180000,0x00000000d7180000,0x00000000daf80000)
  from space 5120K, 99% used [0x00000000daf80000,0x00000000db478280,0x00000000db480000)
  to   space 30208K, 0% used [0x00000000e0b00000,0x00000000e0b00000,0x00000000e2880000)
 ParOldGen       total 84992K, used 36350K [0x0000000085400000, 0x000000008a700000, 0x00000000d7180000)
  object space 84992K, 42% used [0x0000000085400000,0x000000008777f900,0x000000008a700000)
 Metaspace       used 15935K, capacity 16860K, committed 16896K, reserved 1062912K
  class space    used 2352K, capacity 2544K, committed 2560K, reserved 1048576K
}
Event: 12,721 GC heap before
{Heap before GC invocations=6 (full 0):
 PSYoungGen      total 68608K, used 36918K [0x00000000d7180000, 0x00000000e2880000, 0x0000000100000000)
  eden space 63488K, 50% used [0x00000000d7180000,0x00000000d9095760,0x00000000daf80000)
  from space 5120K, 99% used [0x00000000daf80000,0x00000000db478280,0x00000000db480000)
  to   space 30208K, 0% used [0x00000000e0b00000,0x00000000e0b00000,0x00000000e2880000)
 ParOldGen       total 84992K, used 36350K [0x0000000085400000, 0x000000008a700000, 0x00000000d7180000)
  object space 84992K, 42% used [0x0000000085400000,0x000000008777f900,0x000000008a700000)
 Metaspace       used 19968K, capacity 21252K, committed 21296K, reserved 1067008K
  class space    used 2893K, capacity 3158K, committed 3200K, reserved 1048576K
Event: 12,728 GC heap after
Heap after GC invocations=6 (full 0):
 PSYoungGen      total 151040K, used 9840K [0x00000000d7180000, 0x00000000e2280000, 0x0000000100000000)
  eden space 126976K, 0% used [0x00000000d7180000,0x00000000d7180000,0x00000000ded80000)
  from space 24064K, 40% used [0x00000000e0b00000,0x00000000e149c2b8,0x00000000e2280000)
  to   space 27136K, 0% used [0x00000000ded80000,0x00000000ded80000,0x00000000e0800000)
 ParOldGen       total 84992K, used 36358K [0x0000000085400000, 0x000000008a700000, 0x00000000d7180000)
  object space 84992K, 42% used [0x0000000085400000,0x0000000087781900,0x000000008a700000)
 Metaspace       used 19968K, capacity 21252K, committed 21296K, reserved 1067008K
  class space    used 2893K, capacity 3158K, committed 3200K, reserved 1048576K
}
Event: 12,728 GC heap before
{Heap before GC invocations=7 (full 1):
 PSYoungGen      total 151040K, used 9840K [0x00000000d7180000, 0x00000000e2280000, 0x0000000100000000)
  eden space 126976K, 0% used [0x00000000d7180000,0x00000000d7180000,0x00000000ded80000)
  from space 24064K, 40% used [0x00000000e0b00000,0x00000000e149c2b8,0x00000000e2280000)
  to   space 27136K, 0% used [0x00000000ded80000,0x00000000ded80000,0x00000000e0800000)
 ParOldGen       total 84992K, used 36358K [0x0000000085400000, 0x000000008a700000, 0x00000000d7180000)
  object space 84992K, 42% used [0x0000000085400000,0x0000000087781900,0x000000008a700000)
 Metaspace       used 19968K, capacity 21252K, committed 21296K, reserved 1067008K
  class space    used 2893K, capacity 3158K, committed 3200K, reserved 1048576K
Event: 12,765 GC heap after
Heap after GC invocations=7 (full 1):
 PSYoungGen      total 151040K, used 0K [0x00000000d7180000, 0x00000000e2280000, 0x0000000100000000)
  eden space 126976K, 0% used [0x00000000d7180000,0x00000000d7180000,0x00000000ded80000)
  from space 24064K, 0% used [0x00000000e0b00000,0x00000000e0b00000,0x00000000e2280000)
  to   space 27136K, 0% used [0x00000000ded80000,0x00000000ded80000,0x00000000e0800000)
 ParOldGen       total 105472K, used 45688K [0x0000000085400000, 0x000000008bb00000, 0x00000000d7180000)
  object space 105472K, 43% used [0x0000000085400000,0x000000008809e258,0x000000008bb00000)
 Metaspace       used 19968K, capacity 21252K, committed 21296K, reserved 1067008K
  class space    used 2893K, capacity 3158K, committed 3200K, reserved 1048576K
}

