# JRE version: Java(TM) SE Runtime Environment (8.0_202-b08) (build 1.8.0_202-b08)
# Java VM: Java HotSpot(TM) 64-Bit Server VM (25.202-b08 mixed mode linux-amd64 compressed oops)
Heap:
 PSYoungGen      total 68608K, used 19449K [0x00000000d7180000, 0x00000000e2880000, 0x0000000100000000)
  eden space 63488K, 22% used [0x00000000d7180000,0x00000000d7f82518,0x00000000daf80000)
  from space 5120K, 99% used [0x00000000daf80000,0x00000000db47c290,0x00000000db480000)
  to   space 30208K, 0% used [0x00000000e0b00000,0x00000000e0b00000,0x00000000e2880000)
 ParOldGen       total 84992K, used 36260K [0x0000000085400000, 0x000000008a700000, 0x00000000d7180000)
  object space 84992K, 42% used [0x0000000085400000,0x00000000877690f0,0x000000008a700000)
 Metaspace       used 18468K, capacity 19562K, committed 19840K, reserved 1067008K
  class space    used 2605K, capacity 2839K, committed 2944K, reserved 1048576K
GC Heap History (10 events):
Event: 0,416 GC heap before
{Heap before GC invocations=1 (full 0):
 PSYoungGen      total 36864K, used 31744K [0x00000000d7180000, 0x00000000d9a80000, 0x0000000100000000)
  eden space 31744K, 100% used [0x00000000d7180000,0x00000000d9080000,0x00000000d9080000)
  from space 5120K, 0% used [0x00000000d9580000,0x00000000d9580000,0x00000000d9a80000)
  to   space 5120K, 0% used [0x00000000d9080000,0x00000000d9080000,0x00000000d9580000)
 ParOldGen       total 84992K, used 0K [0x0000000085400000, 0x000000008a700000, 0x00000000d7180000)
  object space 84992K, 0% used [0x0000000085400000,0x0000000085400000,0x000000008a700000)
 Metaspace       used 8516K, capacity 8816K, committed 9088K, reserved 1056768K
  class space    used 1006K, capacity 1114K, committed 1152K, reserved 1048576K
Event: 0,418 GC heap after
Heap after GC invocations=1 (full 0):
 PSYoungGen      total 36864K, used 2126K [0x00000000d7180000, 0x00000000d9a80000, 0x0000000100000000)
  eden space 31744K, 0% used [0x00000000d7180000,0x00000000d7180000,0x00000000d9080000)
  from space 5120K, 41% used [0x00000000d9080000,0x00000000d9293b98,0x00000000d9580000)
  to   space 5120K, 0% used [0x00000000d9580000,0x00000000d9580000,0x00000000d9a80000)
 ParOldGen       total 84992K, used 16K [0x0000000085400000, 0x000000008a700000, 0x00000000d7180000)
  object space 84992K, 0% used [0x0000000085400000,0x0000000085404000,0x000000008a700000)
 Metaspace       used 8516K, capacity 8816K, committed 9088K, reserved 1056768K
  class space    used 1006K, capacity 1114K, committed 1152K, reserved 1048576K
}
Event: 0,474 GC heap before
{Heap before GC invocations=2 (full 0):
 PSYoungGen      total 36864K, used 33870K [0x00000000d7180000, 0x00000000d9a80000, 0x0000000100000000)
  eden space 31744K, 100% used [0x00000000d7180000,0x00000000d9080000,0x00000000d9080000)
  from space 5120K, 41% used [0x00000000d9080000,0x00000000d9293b98,0x00000000d9580000)
  to   space 5120K, 0% used [0x00000000d9580000,0x00000000d9580000,0x00000000d9a80000)
 ParOldGen       total 84992K, used 16K [0x0000000085400000, 0x000000008a700000, 0x00000000d7180000)
  object space 84992K, 0% used [0x0000000085400000,0x0000000085404000,0x000000008a700000)
 Metaspace       used 8849K, capacity 9246K, committed 9472K, reserved 1056768K
  class space    used 1072K, capacity 1189K, committed 1280K, reserved 1048576K
Event: 0,476 GC heap after
Heap after GC invocations=2 (full 0):
 PSYoungGen      total 36864K, used 1952K [0x00000000d7180000, 0x00000000db980000, 0x0000000100000000)
  eden space 31744K, 0% used [0x00000000d7180000,0x00000000d7180000,0x00000000d9080000)
  from space 5120K, 38% used [0x00000000d9580000,0x00000000d9768020,0x00000000d9a80000)
  to   space 5120K, 0% used [0x00000000d9080000,0x00000000d9080000,0x00000000d9580000)
 ParOldGen       total 84992K, used 24K [0x0000000085400000, 0x000000008a700000, 0x00000000d7180000)
  object space 84992K, 0% used [0x0000000085400000,0x0000000085406000,0x000000008a700000)
 Metaspace       used 8849K, capacity 9246K, committed 9472K, reserved 1056768K
  class space    used 1072K, capacity 1189K, committed 1280K, reserved 1048576K
}
Event: 0,619 GC heap before
{Heap before GC invocations=3 (full 0):
 PSYoungGen      total 36864K, used 33696K [0x00000000d7180000, 0x00000000db980000, 0x0000000100000000)
  eden space 31744K, 100% used [0x00000000d7180000,0x00000000d9080000,0x00000000d9080000)
  from space 5120K, 38% used [0x00000000d9580000,0x00000000d9768020,0x00000000d9a80000)
  to   space 5120K, 0% used [0x00000000d9080000,0x00000000d9080000,0x00000000d9580000)
 ParOldGen       total 84992K, used 24K [0x0000000085400000, 0x000000008a700000, 0x00000000d7180000)
  object space 84992K, 0% used [0x0000000085400000,0x0000000085406000,0x000000008a700000)
 Metaspace       used 11299K, capacity 11726K, committed 12032K, reserved 1058816K
  class space    used 1522K, capacity 1673K, committed 1792K, reserved 1048576K
Event: 0,622 GC heap after
Heap after GC invocations=3 (full 0):
 PSYoungGen      total 36864K, used 3312K [0x00000000d7180000, 0x00000000db980000, 0x0000000100000000)
  eden space 31744K, 0% used [0x00000000d7180000,0x00000000d7180000,0x00000000d9080000)
  from space 5120K, 64% used [0x00000000d9080000,0x00000000d93bc030,0x00000000d9580000)
  to   space 5120K, 0% used [0x00000000db480000,0x00000000db480000,0x00000000db980000)
 ParOldGen       total 84992K, used 32K [0x0000000085400000, 0x000000008a700000, 0x00000000d7180000)
  object space 84992K, 0% used [0x0000000085400000,0x0000000085408000,0x000000008a700000)
 Metaspace       used 11299K, capacity 11726K, committed 12032K, reserved 1058816K
  class space    used 1522K, capacity 1673K, committed 1792K, reserved 1048576K
}
Event: 0,692 GC heap before
{Heap before GC invocations=4 (full 0):
 PSYoungGen      total 36864K, used 35056K [0x00000000d7180000, 0x00000000db980000, 0x0000000100000000)
  eden space 31744K, 100% used [0x00000000d7180000,0x00000000d9080000,0x00000000d9080000)
  from space 5120K, 64% used [0x00000000d9080000,0x00000000d93bc030,0x00000000d9580000)
  to   space 5120K, 0% used [0x00000000db480000,0x00000000db480000,0x00000000db980000)
 ParOldGen       total 84992K, used 32K [0x0000000085400000, 0x000000008a700000, 0x00000000d7180000)
  object space 84992K, 0% used [0x0000000085400000,0x0000000085408000,0x000000008a700000)
 Metaspace       used 11498K, capacity 12160K, committed 12288K, reserved 1060864K
  class space    used 1553K, capacity 1702K, committed 1792K, reserved 1048576K
Event: 0,694 GC heap after
Heap after GC invocations=4 (full 0):
 PSYoungGen      total 68608K, used 3424K [0x00000000d7180000, 0x00000000db980000, 0x0000000100000000)
  eden space 63488K, 0% used [0x00000000d7180000,0x00000000d7180000,0x00000000daf80000)
  from space 5120K, 66% used [0x00000000db480000,0x00000000db7d8020,0x00000000db980000)
  to   space 5120K, 0% used [0x00000000daf80000,0x00000000daf80000,0x00000000db480000)
 ParOldGen       total 84992K, used 40K [0x0000000085400000, 0x000000008a700000, 0x00000000d7180000)
  object space 84992K, 0% used [0x0000000085400000,0x000000008540a000,0x000000008a700000)
 Metaspace       used 11498K, capacity 12160K, committed 12288K, reserved 1060864K
  class space    used 1553K, capacity 1702K, committed 1792K, reserved 1048576K
}
Event: 1,467 GC heap before
{Heap before GC invocations=5 (full 0):
 PSYoungGen      total 68608K, used 66912K [0x00000000d7180000, 0x00000000db980000, 0x0000000100000000)
  eden space 63488K, 100% used [0x00000000d7180000,0x00000000daf80000,0x00000000daf80000)
  from space 5120K, 66% used [0x00000000db480000,0x00000000db7d8020,0x00000000db980000)
  to   space 5120K, 0% used [0x00000000daf80000,0x00000000daf80000,0x00000000db480000)
 ParOldGen       total 84992K, used 40K [0x0000000085400000, 0x000000008a700000, 0x00000000d7180000)
  object space 84992K, 0% used [0x0000000085400000,0x000000008540a000,0x000000008a700000)
 Metaspace       used 15875K, capacity 16824K, committed 16896K, reserved 1062912K
  class space    used 2335K, capacity 2540K, committed 2560K, reserved 1048576K
Event: 1,480 GC heap after
Heap after GC invocations=5 (full 0):
 PSYoungGen      total 68608K, used 5104K [0x00000000d7180000, 0x00000000e2880000, 0x0000000100000000)
  eden space 63488K, 0% used [0x00000000d7180000,0x00000000d7180000,0x00000000daf80000)
  from space 5120K, 99% used [0x00000000daf80000,0x00000000db47c290,0x00000000db480000)
  to   space 30208K, 0% used [0x00000000e0b00000,0x00000000e0b00000,0x00000000e2880000)
 ParOldGen       total 84992K, used 36260K [0x0000000085400000, 0x000000008a700000, 0x00000000d7180000)
  object space 84992K, 42% used [0x0000000085400000,0x00000000877690f0,0x000000008a700000)
 Metaspace       used 15875K, capacity 16824K, committed 16896K, reserved 1062912K
  class space    used 2335K, capacity 2540K, committed 2560K, reserved 1048576K
}

