# JRE version: Java(TM) SE Runtime Environment (8.0_202-b08) (build 1.8.0_202-b08)
# Java VM: Java HotSpot(TM) 64-Bit Server VM (25.202-b08 mixed mode linux-amd64 compressed oops)
Heap:
 PSYoungGen      total 132096K, used 19450K [0x00000000d7180000, 0x00000000eac80000, 0x0000000100000000)
  eden space 126976K, 15% used [0x00000000d7180000,0x00000000d847e908,0x00000000ded80000)
  from space 5120K, 0% used [0x00000000ded80000,0x00000000ded80000,0x00000000df280000)
  to   space 34304K, 0% used [0x00000000e8b00000,0x00000000e8b00000,0x00000000eac80000)
 ParOldGen       total 113152K, used 46107K [0x0000000085400000, 0x000000008c280000, 0x00000000d7180000)
  object space 113152K, 40% used [0x0000000085400000,0x0000000088106cc0,0x000000008c280000)
 Metaspace       used 20339K, capacity 21670K, committed 21888K, reserved 1069056K
  class space    used 2900K, capacity 3159K, committed 3200K, reserved 1048576K
GC Heap History (10 events):
Event: 0,495 GC heap before
{Heap before GC invocations=2 (full 0):
 PSYoungGen      total 36864K, used 33822K [0x00000000d7180000, 0x00000000db980000, 0x0000000100000000)
  eden space 31744K, 100% used [0x00000000d7180000,0x00000000d9080000,0x00000000d9080000)
  from space 5120K, 40% used [0x00000000d9080000,0x00000000d9287ba8,0x00000000d9580000)
  to   space 5120K, 0% used [0x00000000db480000,0x00000000db480000,0x00000000db980000)
 ParOldGen       total 84992K, used 16K [0x0000000085400000, 0x000000008a700000, 0x00000000d7180000)
  object space 84992K, 0% used [0x0000000085400000,0x0000000085404000,0x000000008a700000)
 Metaspace       used 8860K, capacity 9186K, committed 9472K, reserved 1056768K
  class space    used 1072K, capacity 1189K, committed 1280K, reserved 1048576K
Event: 0,497 GC heap after
Heap after GC invocations=2 (full 0):
 PSYoungGen      total 68608K, used 2032K [0x00000000d7180000, 0x00000000db980000, 0x0000000100000000)
  eden space 63488K, 0% used [0x00000000d7180000,0x00000000d7180000,0x00000000daf80000)
  from space 5120K, 39% used [0x00000000db480000,0x00000000db67c030,0x00000000db980000)
  to   space 5120K, 0% used [0x00000000daf80000,0x00000000daf80000,0x00000000db480000)
 ParOldGen       total 84992K, used 24K [0x0000000085400000, 0x000000008a700000, 0x00000000d7180000)
  object space 84992K, 0% used [0x0000000085400000,0x0000000085406000,0x000000008a700000)
 Metaspace       used 8860K, capacity 9186K, committed 9472K, reserved 1056768K
  class space    used 1072K, capacity 1189K, committed 1280K, reserved 1048576K
}
Event: 0,678 GC heap before
{Heap before GC invocations=3 (full 0):
 PSYoungGen      total 68608K, used 65520K [0x00000000d7180000, 0x00000000db980000, 0x0000000100000000)
  eden space 63488K, 100% used [0x00000000d7180000,0x00000000daf80000,0x00000000daf80000)
  from space 5120K, 39% used [0x00000000db480000,0x00000000db67c030,0x00000000db980000)
  to   space 5120K, 0% used [0x00000000daf80000,0x00000000daf80000,0x00000000db480000)
 ParOldGen       total 84992K, used 24K [0x0000000085400000, 0x000000008a700000, 0x00000000d7180000)
  object space 84992K, 0% used [0x0000000085400000,0x0000000085406000,0x000000008a700000)
 Metaspace       used 11408K, capacity 12036K, committed 12288K, reserved 1060864K
  class space    used 1548K, capacity 1702K, committed 1792K, reserved 1048576K
Event: 0,682 GC heap after
Heap after GC invocations=3 (full 0):
 PSYoungGen      total 68608K, used 3376K [0x00000000d7180000, 0x00000000df780000, 0x0000000100000000)
  eden space 63488K, 0% used [0x00000000d7180000,0x00000000d7180000,0x00000000daf80000)
  from space 5120K, 65% used [0x00000000daf80000,0x00000000db2cc030,0x00000000db480000)
  to   space 5120K, 0% used [0x00000000df280000,0x00000000df280000,0x00000000df780000)
 ParOldGen       total 84992K, used 32K [0x0000000085400000, 0x000000008a700000, 0x00000000d7180000)
  object space 84992K, 0% used [0x0000000085400000,0x0000000085408000,0x000000008a700000)
 Metaspace       used 11408K, capacity 12036K, committed 12288K, reserved 1060864K
  class space    used 1548K, capacity 1702K, committed 1792K, reserved 1048576K
}
Event: 0,890 GC heap before
{Heap before GC invocations=4 (full 0):
 PSYoungGen      total 68608K, used 66864K [0x00000000d7180000, 0x00000000df780000, 0x0000000100000000)
  eden space 63488K, 100% used [0x00000000d7180000,0x00000000daf80000,0x00000000daf80000)
  from space 5120K, 65% used [0x00000000daf80000,0x00000000db2cc030,0x00000000db480000)
  to   space 5120K, 0% used [0x00000000df280000,0x00000000df280000,0x00000000df780000)
 ParOldGen       total 84992K, used 32K [0x0000000085400000, 0x000000008a700000, 0x00000000d7180000)
  object space 84992K, 0% used [0x0000000085400000,0x0000000085408000,0x000000008a700000)
 Metaspace       used 12875K, capacity 13554K, committed 13824K, reserved 1060864K
  class space    used 1827K, capacity 2007K, committed 2048K, reserved 1048576K
Event: 0,897 GC heap after
Heap after GC invocations=4 (full 0):
 PSYoungGen      total 132096K, used 4240K [0x00000000d7180000, 0x00000000df780000, 0x0000000100000000)
  eden space 126976K, 0% used [0x00000000d7180000,0x00000000d7180000,0x00000000ded80000)
  from space 5120K, 82% used [0x00000000df280000,0x00000000df6a4030,0x00000000df780000)
  to   space 5120K, 0% used [0x00000000ded80000,0x00000000ded80000,0x00000000df280000)
 ParOldGen       total 84992K, used 40K [0x0000000085400000, 0x000000008a700000, 0x00000000d7180000)
  object space 84992K, 0% used [0x0000000085400000,0x000000008540a000,0x000000008a700000)
 Metaspace       used 12875K, capacity 13554K, committed 13824K, reserved 1060864K
  class space    used 1827K, capacity 2007K, committed 2048K, reserved 1048576K
}
Event: 14,425 GC heap before
{Heap before GC invocations=5 (full 0):
 PSYoungGen      total 132096K, used 88801K [0x00000000d7180000, 0x00000000df780000, 0x0000000100000000)
  eden space 126976K, 66% used [0x00000000d7180000,0x00000000dc414450,0x00000000ded80000)
  from space 5120K, 82% used [0x00000000df280000,0x00000000df6a4030,0x00000000df780000)
  to   space 5120K, 0% used [0x00000000ded80000,0x00000000ded80000,0x00000000df280000)
 ParOldGen       total 84992K, used 40K [0x0000000085400000, 0x000000008a700000, 0x00000000d7180000)
  object space 84992K, 0% used [0x0000000085400000,0x000000008540a000,0x000000008a700000)
 Metaspace       used 19955K, capacity 21228K, committed 21296K, reserved 1067008K
  class space    used 2890K, capacity 3148K, committed 3200K, reserved 1048576K
Event: 14,441 GC heap after
Heap after GC invocations=5 (full 0):
 PSYoungGen      total 132096K, used 5104K [0x00000000d7180000, 0x00000000eac80000, 0x0000000100000000)
  eden space 126976K, 0% used [0x00000000d7180000,0x00000000d7180000,0x00000000ded80000)
  from space 5120K, 99% used [0x00000000ded80000,0x00000000df27c2a8,0x00000000df280000)
  to   space 34304K, 0% used [0x00000000e8b00000,0x00000000e8b00000,0x00000000eac80000)
 ParOldGen       total 84992K, used 41302K [0x0000000085400000, 0x000000008a700000, 0x00000000d7180000)
  object space 84992K, 48% used [0x0000000085400000,0x0000000087c55ba0,0x000000008a700000)
 Metaspace       used 19955K, capacity 21228K, committed 21296K, reserved 1067008K
  class space    used 2890K, capacity 3148K, committed 3200K, reserved 1048576K
}
Event: 14,441 GC heap before
{Heap before GC invocations=6 (full 1):
 PSYoungGen      total 132096K, used 5104K [0x00000000d7180000, 0x00000000eac80000, 0x0000000100000000)
  eden space 126976K, 0% used [0x00000000d7180000,0x00000000d7180000,0x00000000ded80000)
  from space 5120K, 99% used [0x00000000ded80000,0x00000000df27c2a8,0x00000000df280000)
  to   space 34304K, 0% used [0x00000000e8b00000,0x00000000e8b00000,0x00000000eac80000)
 ParOldGen       total 84992K, used 41302K [0x0000000085400000, 0x000000008a700000, 0x00000000d7180000)
  object space 84992K, 48% used [0x0000000085400000,0x0000000087c55ba0,0x000000008a700000)
 Metaspace       used 19955K, capacity 21228K, committed 21296K, reserved 1067008K
  class space    used 2890K, capacity 3148K, committed 3200K, reserved 1048576K
Event: 14,517 GC heap after
Heap after GC invocations=6 (full 1):
 PSYoungGen      total 132096K, used 0K [0x00000000d7180000, 0x00000000eac80000, 0x0000000100000000)
  eden space 126976K, 0% used [0x00000000d7180000,0x00000000d7180000,0x00000000ded80000)
  from space 5120K, 0% used [0x00000000ded80000,0x00000000ded80000,0x00000000df280000)
  to   space 34304K, 0% used [0x00000000e8b00000,0x00000000e8b00000,0x00000000eac80000)
 ParOldGen       total 113152K, used 46107K [0x0000000085400000, 0x000000008c280000, 0x00000000d7180000)
  object space 113152K, 40% used [0x0000000085400000,0x0000000088106cc0,0x000000008c280000)
 Metaspace       used 19955K, capacity 21228K, committed 21296K, reserved 1067008K
  class space    used 2890K, capacity 3148K, committed 3200K, reserved 1048576K
}

